📷 读取摄像头配置: Main Entrance - /root/yolov5-7.0_lyngor1.17.0/project-simple-video/videos/cam_18_25fps.mp4 (启用: True)
📷 读取摄像头配置: Back Yard - /root/yolov5-7.0_lyngor1.17.0/project-simple-video/videos/cam_19_25fps.mp4 (启用: True)
📷 读取摄像头配置: Side Gate - /root/yolov5-7.0_lyngor1.17.0/project-simple-video/videos/cam_20_25fps.mp4 (启用: True)
✅ 找到 3 个启用的摄像头
[RADAR_FUSION_ORCHESTRATOR] Frame 1: 总融合耗时=1.36ms (地理过滤部分 + 各摄像头融合), 视觉目标数=0, 成功匹配=0
[RADAR_FUSION_ORCHESTRATOR] Frame 2: 总融合耗时=0.42ms (地理过滤部分 + 各摄像头融合), 视觉目标数=0, 成功匹配=0
[RADAR_FUSION_ORCHESTRATOR] Frame 3 C1: 收集=0.23ms, 融合=0.72ms, 小计=1.04ms, 目标数=2, 匹配数=0
[RADAR_FUSION_ORCHESTRATOR] Frame 3 C3: 收集=0.16ms, 融合=1.92ms, 小计=2.16ms, 目标数=3, 匹配数=3
[RADAR_FUSION_ORCHESTRATOR] Frame 3: 总融合耗时=3.48ms (地理过滤部分 + 各摄像头融合), 视觉目标数=5, 成功匹配=3
[RADAR_FUSION_ORCHESTRATOR] Frame 4 C1: 收集=0.15ms, 融合=0.67ms, 小计=0.91ms, 目标数=2, 匹配数=0
[RADAR_FUSION_ORCHESTRATOR] Frame 4 C3: 收集=0.19ms, 融合=2.11ms, 小计=2.39ms, 目标数=3, 匹配数=3
[RADAR_FUSION_ORCHESTRATOR] Frame 4: 总融合耗时=3.41ms (地理过滤部分 + 各摄像头融合), 视觉目标数=5, 成功匹配=3
[RADAR_FUSION_ORCHESTRATOR] Frame 5 C1: 收集=0.14ms, 融合=0.77ms, 小计=1.03ms, 目标数=2, 匹配数=0
[RADAR_FUSION_ORCHESTRATOR] Frame 5 C3: 收集=0.16ms, 融合=1.99ms, 小计=2.23ms, 目标数=3, 匹配数=3
[RADAR_FUSION_ORCHESTRATOR] Frame 5: 总融合耗时=3.39ms (地理过滤部分 + 各摄像头融合), 视觉目标数=5, 成功匹配=3
[RADAR_FUSION_ORCHESTRATOR] Frame 6 C1: 收集=0.16ms, 融合=1.97ms, 小计=2.23ms, 目标数=2, 匹配数=2
[RADAR_FUSION_ORCHESTRATOR] Frame 6 C3: 收集=0.17ms, 融合=0.81ms, 小计=1.07ms, 目标数=3, 匹配数=0
[RADAR_FUSION_ORCHESTRATOR] Frame 6: 总融合耗时=4.14ms (地理过滤部分 + 各摄像头融合), 视觉目标数=5, 成功匹配=2
[RADAR_FUSION_ORCHESTRATOR] Frame 7 C1: 收集=0.15ms, 融合=1.04ms, 小计=1.29ms, 目标数=2, 匹配数=0
[RADAR_FUSION_ORCHESTRATOR] Frame 7 C3: 收集=0.17ms, 融合=2.23ms, 小计=2.48ms, 目标数=3, 匹配数=3
[RADAR_FUSION_ORCHESTRATOR] Frame 7: 总融合耗时=3.92ms (地理过滤部分 + 各摄像头融合), 视觉目标数=5, 成功匹配=3
[RADAR_FUSION_ORCHESTRATOR] Frame 8 C1: 收集=0.16ms, 融合=2.10ms, 小计=2.36ms, 目标数=2, 匹配数=2
[RADAR_FUSION_ORCHESTRATOR] Frame 8 C3: 收集=0.17ms, 融合=0.96ms, 小计=1.21ms, 目标数=3, 匹配数=0
[RADAR_FUSION_ORCHESTRATOR] Frame 8: 总融合耗时=4.46ms (地理过滤部分 + 各摄像头融合), 视觉目标数=5, 成功匹配=2
[RADAR_FUSION_ORCHESTRATOR] Frame 9 C1: 收集=0.13ms, 融合=1.11ms, 小计=1.32ms, 目标数=2, 匹配数=0
[RADAR_FUSION_ORCHESTRATOR] Frame 9 C3: 收集=0.16ms, 融合=2.29ms, 小计=2.53ms, 目标数=3, 匹配数=3
[RADAR_FUSION_ORCHESTRATOR] Frame 9: 总融合耗时=4.00ms (地理过滤部分 + 各摄像头融合), 视觉目标数=5, 成功匹配=3
[RADAR_FUSION_ORCHESTRATOR] Frame 10 C1: 收集=0.17ms, 融合=2.42ms, 小计=2.70ms, 目标数=2, 匹配数=2
[RADAR_FUSION_ORCHESTRATOR] Frame 10 C3: 收集=0.19ms, 融合=1.17ms, 小计=1.45ms, 目标数=3, 匹配数=0
[RADAR_FUSION_ORCHESTRATOR] Frame 10: 总融合耗时=5.10ms (地理过滤部分 + 各摄像头融合), 视觉目标数=5, 成功匹配=2
[RADAR_FUSION_ORCHESTRATOR] Frame 11 C1: 收集=0.14ms, 融合=1.28ms, 小计=1.50ms, 目标数=2, 匹配数=0
[RADAR_FUSION_ORCHESTRATOR] Frame 11 C3: 收集=0.16ms, 融合=2.51ms, 小计=2.75ms, 目标数=3, 匹配数=3
[RADAR_FUSION_ORCHESTRATOR] Frame 11: 总融合耗时=4.41ms (地理过滤部分 + 各摄像头融合), 视觉目标数=5, 成功匹配=3
[RADAR_FUSION_ORCHESTRATOR] Frame 12 C1: 收集=0.16ms, 融合=2.48ms, 小计=2.73ms, 目标数=2, 匹配数=2
[RADAR_FUSION_ORCHESTRATOR] Frame 12 C3: 收集=0.17ms, 融合=1.31ms, 小计=1.58ms, 目标数=3, 匹配数=0
[RADAR_FUSION_ORCHESTRATOR] Frame 12: 总融合耗时=5.20ms (地理过滤部分 + 各摄像头融合), 视觉目标数=5, 成功匹配=2
[RADAR_FUSION_ORCHESTRATOR] Frame 13 C1: 收集=0.15ms, 融合=2.57ms, 小计=2.85ms, 目标数=2, 匹配数=2
[RADAR_FUSION_ORCHESTRATOR] Frame 13 C3: 收集=0.17ms, 融合=1.39ms, 小计=1.65ms, 目标数=3, 匹配数=0
[RADAR_FUSION_ORCHESTRATOR] Frame 13: 总融合耗时=5.45ms (地理过滤部分 + 各摄像头融合), 视觉目标数=5, 成功匹配=2
[RADAR_FUSION_ORCHESTRATOR] Frame 14 C1: 收集=0.16ms, 融合=2.68ms, 小计=2.98ms, 目标数=2, 匹配数=2
[RADAR_FUSION_ORCHESTRATOR] Frame 14 C3: 收集=0.18ms, 融合=1.47ms, 小计=1.75ms, 目标数=3, 匹配数=0
[RADAR_FUSION_ORCHESTRATOR] Frame 14: 总融合耗时=5.62ms (地理过滤部分 + 各摄像头融合), 视觉目标数=5, 成功匹配=2
[RADAR_FUSION_ORCHESTRATOR] Frame 15 C1: 收集=0.14ms, 融合=1.70ms, 小计=1.97ms, 目标数=2, 匹配数=0
[RADAR_FUSION_ORCHESTRATOR] Frame 15 C3: 收集=0.17ms, 融合=3.07ms, 小计=3.32ms, 目标数=3, 匹配数=3
[RADAR_FUSION_ORCHESTRATOR] Frame 15: 总融合耗时=5.49ms (地理过滤部分 + 各摄像头融合), 视觉目标数=5, 成功匹配=3
[RADAR_FUSION_ORCHESTRATOR] Frame 16 C1: 收集=0.15ms, 融合=1.83ms, 小计=2.13ms, 目标数=2, 匹配数=0
[RADAR_FUSION_ORCHESTRATOR] Frame 16 C3: 收集=0.17ms, 融合=3.01ms, 小计=3.26ms, 目标数=3, 匹配数=3
[RADAR_FUSION_ORCHESTRATOR] Frame 16: 总融合耗时=5.59ms (地理过滤部分 + 各摄像头融合), 视觉目标数=5, 成功匹配=3
[RADAR_FUSION_ORCHESTRATOR] Frame 17 C1: 收集=0.15ms, 融合=1.91ms, 小计=2.19ms, 目标数=2, 匹配数=0
[RADAR_FUSION_ORCHESTRATOR] Frame 17 C3: 收集=0.17ms, 融合=3.09ms, 小计=3.35ms, 目标数=3, 匹配数=3
[RADAR_FUSION_ORCHESTRATOR] Frame 17: 总融合耗时=5.74ms (地理过滤部分 + 各摄像头融合), 视觉目标数=5, 成功匹配=3
[RADAR_FUSION_ORCHESTRATOR] Frame 18 C1: 收集=0.16ms, 融合=2.09ms, 小计=2.43ms, 目标数=2, 匹配数=0
[RADAR_FUSION_ORCHESTRATOR] Frame 18 C3: 收集=0.21ms, 融合=3.37ms, 小计=3.73ms, 目标数=3, 匹配数=3
[RADAR_FUSION_ORCHESTRATOR] Frame 18: 总融合耗时=6.40ms (地理过滤部分 + 各摄像头融合), 视觉目标数=5, 成功匹配=3
[RADAR_FUSION_ORCHESTRATOR] Frame 19 C1: 收集=0.14ms, 融合=2.12ms, 小计=2.38ms, 目标数=2, 匹配数=0
[RADAR_FUSION_ORCHESTRATOR] Frame 19: 总融合耗时=2.58ms (地理过滤部分 + 各摄像头融合), 视觉目标数=2, 成功匹配=0
[RADAR_FUSION_ORCHESTRATOR] Frame 20 C1: 收集=0.16ms, 融合=3.26ms, 小计=3.56ms, 目标数=2, 匹配数=2
[RADAR_FUSION_ORCHESTRATOR] Frame 20: 总融合耗时=4.67ms (地理过滤部分 + 各摄像头融合), 视觉目标数=2, 成功匹配=2
[RADAR_FUSION_ORCHESTRATOR] Frame 21 C1: 收集=0.13ms, 融合=2.28ms, 小计=2.53ms, 目标数=2, 匹配数=0
[RADAR_FUSION_ORCHESTRATOR] Frame 21: 总融合耗时=2.74ms (地理过滤部分 + 各摄像头融合), 视觉目标数=2, 成功匹配=0
[RADAR_FUSION_ORCHESTRATOR] Frame 22 C1: 收集=0.14ms, 融合=2.34ms, 小计=2.62ms, 目标数=2, 匹配数=0
[RADAR_FUSION_ORCHESTRATOR] Frame 22 C3: 收集=0.16ms, 融合=2.12ms, 小计=2.36ms, 目标数=3, 匹配数=0
[RADAR_FUSION_ORCHESTRATOR] Frame 22: 总融合耗时=5.22ms (地理过滤部分 + 各摄像头融合), 视觉目标数=5, 成功匹配=0
[RADAR_FUSION_ORCHESTRATOR] Frame 23: 总融合耗时=0.03ms (地理过滤部分 + 各摄像头融合), 视觉目标数=0, 成功匹配=0
[RADAR_FUSION_ORCHESTRATOR] Frame 24 C1: 收集=0.15ms, 融合=2.52ms, 小计=2.84ms, 目标数=2, 匹配数=0
[RADAR_FUSION_ORCHESTRATOR] Frame 24: 总融合耗时=3.08ms (地理过滤部分 + 各摄像头融合), 视觉目标数=2, 成功匹配=0
[RADAR_FUSION_ORCHESTRATOR] Frame 25: 总融合耗时=0.03ms (地理过滤部分 + 各摄像头融合), 视觉目标数=0, 成功匹配=0
[RADAR_FUSION_ORCHESTRATOR] Frame 26 C3: 收集=0.17ms, 融合=2.59ms, 小计=2.91ms, 目标数=3, 匹配数=0
[RADAR_FUSION_ORCHESTRATOR] Frame 26: 总融合耗时=2.98ms (地理过滤部分 + 各摄像头融合), 视觉目标数=3, 成功匹配=0
[RADAR_FUSION_ORCHESTRATOR] Frame 27 C1: 收集=0.13ms, 融合=2.71ms, 小计=2.97ms, 目标数=2, 匹配数=0
[RADAR_FUSION_ORCHESTRATOR] Frame 27: 总融合耗时=3.22ms (地理过滤部分 + 各摄像头融合), 视觉目标数=2, 成功匹配=0
[RADAR_FUSION_ORCHESTRATOR] Frame 28 C1: 收集=0.14ms, 融合=2.83ms, 小计=3.08ms, 目标数=2, 匹配数=0
[RADAR_FUSION_ORCHESTRATOR] Frame 28: 总融合耗时=3.47ms (地理过滤部分 + 各摄像头融合), 视觉目标数=2, 成功匹配=0
[RADAR_FUSION_ORCHESTRATOR] Frame 29 C3: 收集=0.16ms, 融合=2.81ms, 小计=3.08ms, 目标数=3, 匹配数=0
[RADAR_FUSION_ORCHESTRATOR] Frame 29: 总融合耗时=3.14ms (地理过滤部分 + 各摄像头融合), 视觉目标数=3, 成功匹配=0
[RADAR_FUSION_ORCHESTRATOR] Frame 30: 总融合耗时=0.03ms (地理过滤部分 + 各摄像头融合), 视觉目标数=0, 成功匹配=0
[RADAR_FUSION_ORCHESTRATOR] Frame 31 C1: 收集=0.14ms, 融合=2.97ms, 小计=3.26ms, 目标数=2, 匹配数=0
[RADAR_FUSION_ORCHESTRATOR] Frame 31 C3: 收集=0.16ms, 融合=2.83ms, 小计=3.07ms, 目标数=3, 匹配数=0
[RADAR_FUSION_ORCHESTRATOR] Frame 31: 总融合耗时=6.64ms (地理过滤部分 + 各摄像头融合), 视觉目标数=5, 成功匹配=0
[RADAR_FUSION_ORCHESTRATOR] Frame 32 C1: 收集=0.16ms, 融合=4.20ms, 小计=4.46ms, 目标数=2, 匹配数=2
[RADAR_FUSION_ORCHESTRATOR] Frame 32: 总融合耗时=5.64ms (地理过滤部分 + 各摄像头融合), 视觉目标数=2, 成功匹配=2
[RADAR_FUSION_ORCHESTRATOR] Frame 33 C3: 收集=0.15ms, 融合=4.54ms, 小计=4.82ms, 目标数=3, 匹配数=3
[RADAR_FUSION_ORCHESTRATOR] Frame 33: 总融合耗时=4.88ms (地理过滤部分 + 各摄像头融合), 视觉目标数=3, 成功匹配=3
[RADAR_FUSION_ORCHESTRATOR] Frame 34: 总融合耗时=0.03ms (地理过滤部分 + 各摄像头融合), 视觉目标数=0, 成功匹配=0
[RADAR_FUSION_ORCHESTRATOR] Frame 35 C1: 收集=0.13ms, 融合=3.42ms, 小计=3.70ms, 目标数=2, 匹配数=0
[RADAR_FUSION_ORCHESTRATOR] Frame 35: 总融合耗时=4.01ms (地理过滤部分 + 各摄像头融合), 视觉目标数=2, 成功匹配=0
[RADAR_FUSION_ORCHESTRATOR] Frame 36: 总融合耗时=0.03ms (地理过滤部分 + 各摄像头融合), 视觉目标数=0, 成功匹配=0
[RADAR_FUSION_ORCHESTRATOR] Frame 37 C3: 收集=0.16ms, 融合=3.67ms, 小计=4.00ms, 目标数=3, 匹配数=0
[RADAR_FUSION_ORCHESTRATOR] Frame 37: 总融合耗时=4.08ms (地理过滤部分 + 各摄像头融合), 视觉目标数=3, 成功匹配=0
[RADAR_FUSION_ORCHESTRATOR] Frame 38 C1: 收集=0.15ms, 融合=3.71ms, 小计=3.97ms, 目标数=2, 匹配数=0
[RADAR_FUSION_ORCHESTRATOR] Frame 38: 总融合耗时=4.28ms (地理过滤部分 + 各摄像头融合), 视觉目标数=2, 成功匹配=0
[RADAR_FUSION_ORCHESTRATOR] Frame 39 C1: 收集=0.17ms, 融合=3.65ms, 小计=3.96ms, 目标数=2, 匹配数=0
[RADAR_FUSION_ORCHESTRATOR] Frame 39 C3: 收集=0.17ms, 融合=3.50ms, 小计=3.75ms, 目标数=3, 匹配数=0
[RADAR_FUSION_ORCHESTRATOR] Frame 39: 总融合耗时=8.12ms (地理过滤部分 + 各摄像头融合), 视觉目标数=5, 成功匹配=0
[RADAR_FUSION_ORCHESTRATOR] Frame 40: 总融合耗时=0.03ms (地理过滤部分 + 各摄像头融合), 视觉目标数=0, 成功匹配=0
[RADAR_FUSION_ORCHESTRATOR] Frame 41 C1: 收集=0.18ms, 融合=4.96ms, 小计=5.30ms, 目标数=2, 匹配数=2
[RADAR_FUSION_ORCHESTRATOR] Frame 41: 总融合耗时=6.75ms (地理过滤部分 + 各摄像头融合), 视觉目标数=2, 成功匹配=2
[RADAR_FUSION_ORCHESTRATOR] Frame 42 C3: 收集=0.16ms, 融合=5.16ms, 小计=5.43ms, 目标数=3, 匹配数=3
[RADAR_FUSION_ORCHESTRATOR] Frame 42: 总融合耗时=5.50ms (地理过滤部分 + 各摄像头融合), 视觉目标数=3, 成功匹配=3
[RADAR_FUSION_ORCHESTRATOR] Frame 43: 总融合耗时=0.03ms (地理过滤部分 + 各摄像头融合), 视觉目标数=0, 成功匹配=0
[RADAR_FUSION_ORCHESTRATOR] Frame 44 C1: 收集=0.14ms, 融合=4.15ms, 小计=4.42ms, 目标数=2, 匹配数=0
[RADAR_FUSION_ORCHESTRATOR] Frame 44: 总融合耗时=4.76ms (地理过滤部分 + 各摄像头融合), 视觉目标数=2, 成功匹配=0
[RADAR_FUSION_ORCHESTRATOR] Frame 45 C3: 收集=0.16ms, 融合=4.09ms, 小计=4.35ms, 目标数=3, 匹配数=0
[RADAR_FUSION_ORCHESTRATOR] Frame 45: 总融合耗时=4.41ms (地理过滤部分 + 各摄像头融合), 视觉目标数=3, 成功匹配=0
[RADAR_FUSION_ORCHESTRATOR] Frame 46 C1: 收集=0.16ms, 融合=4.24ms, 小计=4.54ms, 目标数=2, 匹配数=0
[RADAR_FUSION_ORCHESTRATOR] Frame 46: 总融合耗时=4.89ms (地理过滤部分 + 各摄像头融合), 视觉目标数=2, 成功匹配=0
[RADAR_FUSION_ORCHESTRATOR] Frame 47 C1: 收集=0.15ms, 融合=4.39ms, 小计=4.68ms, 目标数=2, 匹配数=0
[RADAR_FUSION_ORCHESTRATOR] Frame 47 C3: 收集=0.17ms, 融合=4.14ms, 小计=4.38ms, 目标数=3, 匹配数=0
[RADAR_FUSION_ORCHESTRATOR] Frame 47: 总融合耗时=9.48ms (地理过滤部分 + 各摄像头融合), 视觉目标数=5, 成功匹配=0
[RADAR_FUSION_ORCHESTRATOR] Frame 48: 总融合耗时=0.03ms (地理过滤部分 + 各摄像头融合), 视觉目标数=0, 成功匹配=0
[RADAR_FUSION_ORCHESTRATOR] Frame 49 C3: 收集=0.15ms, 融合=4.34ms, 小计=4.59ms, 目标数=3, 匹配数=0
[RADAR_FUSION_ORCHESTRATOR] Frame 49: 总融合耗时=4.65ms (地理过滤部分 + 各摄像头融合), 视觉目标数=3, 成功匹配=0
[RADAR_FUSION_ORCHESTRATOR] Frame 50 C1: 收集=0.12ms, 融合=4.65ms, 小计=4.87ms, 目标数=2, 匹配数=0
[RADAR_FUSION_ORCHESTRATOR] Frame 50: 总融合耗时=5.26ms (地理过滤部分 + 各摄像头融合), 视觉目标数=2, 成功匹配=0
[RADAR_FUSION_ORCHESTRATOR] Frame 51: 总融合耗时=0.03ms (地理过滤部分 + 各摄像头融合), 视觉目标数=0, 成功匹配=0
[RADAR_FUSION_ORCHESTRATOR] Frame 52 C1: 收集=0.17ms, 融合=5.94ms, 小计=6.27ms, 目标数=2, 匹配数=2
[RADAR_FUSION_ORCHESTRATOR] Frame 52: 总融合耗时=7.87ms (地理过滤部分 + 各摄像头融合), 视觉目标数=2, 成功匹配=2
[RADAR_FUSION_ORCHESTRATOR] Frame 53 C3: 收集=0.16ms, 融合=4.77ms, 小计=5.04ms, 目标数=3, 匹配数=0
[RADAR_FUSION_ORCHESTRATOR] Frame 53: 总融合耗时=5.10ms (地理过滤部分 + 各摄像头融合), 视觉目标数=3, 成功匹配=0
[RADAR_FUSION_ORCHESTRATOR] Frame 54: 总融合耗时=0.03ms (地理过滤部分 + 各摄像头融合), 视觉目标数=0, 成功匹配=0
[RADAR_FUSION_ORCHESTRATOR] Frame 55 C1: 收集=0.15ms, 融合=5.11ms, 小计=5.36ms, 目标数=2, 匹配数=0
[RADAR_FUSION_ORCHESTRATOR] Frame 55: 总融合耗时=5.77ms (地理过滤部分 + 各摄像头融合), 视觉目标数=2, 成功匹配=0
[RADAR_FUSION_ORCHESTRATOR] Frame 56 C3: 收集=0.16ms, 融合=5.08ms, 小计=5.36ms, 目标数=3, 匹配数=0
[RADAR_FUSION_ORCHESTRATOR] Frame 56: 总融合耗时=5.43ms (地理过滤部分 + 各摄像头融合), 视觉目标数=3, 成功匹配=0
[RADAR_FUSION_ORCHESTRATOR] Frame 57 C1: 收集=0.14ms, 融合=5.26ms, 小计=5.52ms, 目标数=2, 匹配数=0
[RADAR_FUSION_ORCHESTRATOR] Frame 57: 总融合耗时=5.96ms (地理过滤部分 + 各摄像头融合), 视觉目标数=2, 成功匹配=0
[RADAR_FUSION_ORCHESTRATOR] Frame 58: 总融合耗时=0.03ms (地理过滤部分 + 各摄像头融合), 视觉目标数=0, 成功匹配=0
[RADAR_FUSION_ORCHESTRATOR] Frame 59 C3: 收集=0.16ms, 融合=6.66ms, 小计=6.95ms, 目标数=3, 匹配数=3
[RADAR_FUSION_ORCHESTRATOR] Frame 59: 总融合耗时=7.01ms (地理过滤部分 + 各摄像头融合), 视觉目标数=3, 成功匹配=3
[RADAR_FUSION_ORCHESTRATOR] Frame 60 C1: 收集=0.13ms, 融合=5.36ms, 小计=5.59ms, 目标数=2, 匹配数=0
[RADAR_FUSION_ORCHESTRATOR] Frame 60: 总融合耗时=6.03ms (地理过滤部分 + 各摄像头融合), 视觉目标数=2, 成功匹配=0
[RADAR_FUSION_ORCHESTRATOR] Frame 61 C1: 收集=0.18ms, 融合=5.56ms, 小计=5.88ms, 目标数=2, 匹配数=0
[RADAR_FUSION_ORCHESTRATOR] Frame 61 C3: 收集=0.17ms, 融合=6.71ms, 小计=6.96ms, 目标数=3, 匹配数=3
[RADAR_FUSION_ORCHESTRATOR] Frame 61: 总融合耗时=13.31ms (地理过滤部分 + 各摄像头融合), 视觉目标数=5, 成功匹配=3
[RADAR_FUSION_ORCHESTRATOR] Frame 62: 总融合耗时=0.04ms (地理过滤部分 + 各摄像头融合), 视觉目标数=0, 成功匹配=0
[RADAR_FUSION_ORCHESTRATOR] Frame 63 C1: 收集=0.15ms, 融合=5.79ms, 小计=6.08ms, 目标数=2, 匹配数=0
[RADAR_FUSION_ORCHESTRATOR] Frame 63 C3: 收集=0.17ms, 融合=5.49ms, 小计=5.74ms, 目标数=3, 匹配数=0
[RADAR_FUSION_ORCHESTRATOR] Frame 63: 总融合耗时=12.36ms (地理过滤部分 + 各摄像头融合), 视觉目标数=5, 成功匹配=0
[RADAR_FUSION_ORCHESTRATOR] Frame 64: 总融合耗时=0.03ms (地理过滤部分 + 各摄像头融合), 视觉目标数=0, 成功匹配=0
[RADAR_FUSION_ORCHESTRATOR] Frame 65 C1: 收集=0.15ms, 融合=6.95ms, 小计=7.22ms, 目标数=2, 匹配数=2
[RADAR_FUSION_ORCHESTRATOR] Frame 65: 总融合耗时=8.64ms (地理过滤部分 + 各摄像头融合), 视觉目标数=2, 成功匹配=2
[RADAR_FUSION_ORCHESTRATOR] Frame 66 C3: 收集=0.15ms, 融合=5.83ms, 小计=6.07ms, 目标数=3, 匹配数=0
[RADAR_FUSION_ORCHESTRATOR] Frame 66: 总融合耗时=6.17ms (地理过滤部分 + 各摄像头融合), 视觉目标数=3, 成功匹配=0
[RADAR_FUSION_ORCHESTRATOR] Frame 67: 总融合耗时=0.03ms (地理过滤部分 + 各摄像头融合), 视觉目标数=0, 成功匹配=0
[RADAR_FUSION_ORCHESTRATOR] Frame 68 C1: 收集=0.16ms, 融合=7.13ms, 小计=7.42ms, 目标数=2, 匹配数=2
[RADAR_FUSION_ORCHESTRATOR] Frame 68: 总融合耗时=8.93ms (地理过滤部分 + 各摄像头融合), 视觉目标数=2, 成功匹配=2
[RADAR_FUSION_ORCHESTRATOR] Frame 69 C3: 收集=0.17ms, 融合=6.17ms, 小计=6.48ms, 目标数=3, 匹配数=0
[RADAR_FUSION_ORCHESTRATOR] Frame 69: 总融合耗时=6.55ms (地理过滤部分 + 各摄像头融合), 视觉目标数=3, 成功匹配=0
[RADAR_FUSION_ORCHESTRATOR] Frame 70 C1: 收集=0.15ms, 融合=6.19ms, 小计=6.45ms, 目标数=2, 匹配数=0
[RADAR_FUSION_ORCHESTRATOR] Frame 70: 总融合耗时=6.93ms (地理过滤部分 + 各摄像头融合), 视觉目标数=2, 成功匹配=0
[RADAR_FUSION_ORCHESTRATOR] Frame 71: 总融合耗时=0.03ms (地理过滤部分 + 各摄像头融合), 视觉目标数=0, 成功匹配=0
[RADAR_FUSION_ORCHESTRATOR] Frame 72 C1: 收集=0.14ms, 融合=6.51ms, 小计=6.76ms, 目标数=2, 匹配数=0
[RADAR_FUSION_ORCHESTRATOR] Frame 72: 总融合耗时=7.23ms (地理过滤部分 + 各摄像头融合), 视觉目标数=2, 成功匹配=0
[RADAR_FUSION_ORCHESTRATOR] Frame 73 C3: 收集=0.17ms, 融合=8.09ms, 小计=8.39ms, 目标数=3, 匹配数=3
[RADAR_FUSION_ORCHESTRATOR] Frame 73: 总融合耗时=8.46ms (地理过滤部分 + 各摄像头融合), 视觉目标数=3, 成功匹配=3
[RADAR_FUSION_ORCHESTRATOR] Frame 74 C1: 收集=0.15ms, 融合=6.74ms, 小计=7.10ms, 目标数=2, 匹配数=0
[RADAR_FUSION_ORCHESTRATOR] Frame 74: 总融合耗时=7.63ms (地理过滤部分 + 各摄像头融合), 视觉目标数=2, 成功匹配=0
[RADAR_FUSION_ORCHESTRATOR] Frame 75 C3: 收集=0.17ms, 融合=8.03ms, 小计=8.32ms, 目标数=3, 匹配数=3
[RADAR_FUSION_ORCHESTRATOR] Frame 75: 总融合耗时=8.40ms (地理过滤部分 + 各摄像头融合), 视觉目标数=3, 成功匹配=3
[RADAR_FUSION_ORCHESTRATOR] Frame 76 C1: 收集=0.18ms, 融合=6.71ms, 小计=7.00ms, 目标数=2, 匹配数=0
[RADAR_FUSION_ORCHESTRATOR] Frame 76: 总融合耗时=7.50ms (地理过滤部分 + 各摄像头融合), 视觉目标数=2, 成功匹配=0
[RADAR_FUSION_ORCHESTRATOR] Frame 77 C3: 收集=0.16ms, 融合=6.88ms, 小计=7.18ms, 目标数=3, 匹配数=0
[RADAR_FUSION_ORCHESTRATOR] Frame 77: 总融合耗时=7.26ms (地理过滤部分 + 各摄像头融合), 视觉目标数=3, 成功匹配=0
[RADAR_FUSION_ORCHESTRATOR] Frame 78 C1: 收集=0.20ms, 融合=7.99ms, 小计=8.30ms, 目标数=2, 匹配数=2
[RADAR_FUSION_ORCHESTRATOR] Frame 78: 总融合耗时=9.78ms (地理过滤部分 + 各摄像头融合), 视觉目标数=2, 成功匹配=2
[RADAR_FUSION_ORCHESTRATOR] Frame 79 C3: 收集=0.16ms, 融合=6.92ms, 小计=7.20ms, 目标数=3, 匹配数=0
[RADAR_FUSION_ORCHESTRATOR] Frame 79: 总融合耗时=7.27ms (地理过滤部分 + 各摄像头融合), 视觉目标数=3, 成功匹配=0
[RADAR_FUSION_ORCHESTRATOR] Frame 80 C1: 收集=0.16ms, 融合=8.01ms, 小计=8.27ms, 目标数=2, 匹配数=2
[RADAR_FUSION_ORCHESTRATOR] Frame 80: 总融合耗时=9.60ms (地理过滤部分 + 各摄像头融合), 视觉目标数=2, 成功匹配=2
[RADAR_FUSION_ORCHESTRATOR] Frame 81: 总融合耗时=0.03ms (地理过滤部分 + 各摄像头融合), 视觉目标数=0, 成功匹配=0
[RADAR_FUSION_ORCHESTRATOR] Frame 82 C1: 收集=0.19ms, 融合=7.13ms, 小计=7.46ms, 目标数=2, 匹配数=0
[RADAR_FUSION_ORCHESTRATOR] Frame 82 C3: 收集=0.19ms, 融合=8.44ms, 小计=8.71ms, 目标数=3, 匹配数=3
[RADAR_FUSION_ORCHESTRATOR] Frame 82: 总融合耗时=16.75ms (地理过滤部分 + 各摄像头融合), 视觉目标数=5, 成功匹配=3
[RADAR_FUSION_ORCHESTRATOR] Frame 83 C1: 收集=0.16ms, 融合=7.33ms, 小计=7.65ms, 目标数=2, 匹配数=0
[RADAR_FUSION_ORCHESTRATOR] Frame 83 C3: 收集=0.17ms, 融合=7.02ms, 小计=7.28ms, 目标数=3, 匹配数=0
[RADAR_FUSION_ORCHESTRATOR] Frame 83: 总融合耗时=15.54ms (地理过滤部分 + 各摄像头融合), 视觉目标数=5, 成功匹配=0
[RADAR_FUSION_ORCHESTRATOR] Frame 84 C1: 收集=0.14ms, 融合=7.41ms, 小计=7.68ms, 目标数=2, 匹配数=0
[RADAR_FUSION_ORCHESTRATOR] Frame 84: 总融合耗时=8.23ms (地理过滤部分 + 各摄像头融合), 视觉目标数=2, 成功匹配=0
[RADAR_FUSION_ORCHESTRATOR] Frame 85 C3: 收集=0.15ms, 融合=7.30ms, 小计=7.55ms, 目标数=3, 匹配数=0
[RADAR_FUSION_ORCHESTRATOR] Frame 85: 总融合耗时=7.61ms (地理过滤部分 + 各摄像头融合), 视觉目标数=3, 成功匹配=0
[RADAR_FUSION_ORCHESTRATOR] Frame 86: 总融合耗时=0.04ms (地理过滤部分 + 各摄像头融合), 视觉目标数=0, 成功匹配=0
[RADAR_FUSION_ORCHESTRATOR] Frame 87 C1: 收集=0.17ms, 融合=8.73ms, 小计=9.03ms, 目标数=2, 匹配数=2
[RADAR_FUSION_ORCHESTRATOR] Frame 87: 总融合耗时=10.66ms (地理过滤部分 + 各摄像头融合), 视觉目标数=2, 成功匹配=2
[RADAR_FUSION_ORCHESTRATOR] Frame 88 C3: 收集=0.16ms, 融合=7.56ms, 小计=7.84ms, 目标数=3, 匹配数=0
[RADAR_FUSION_ORCHESTRATOR] Frame 88: 总融合耗时=7.91ms (地理过滤部分 + 各摄像头融合), 视觉目标数=3, 成功匹配=0
[RADAR_FUSION_ORCHESTRATOR] Frame 89 C1: 收集=0.13ms, 融合=7.70ms, 小计=7.94ms, 目标数=2, 匹配数=0
[RADAR_FUSION_ORCHESTRATOR] Frame 89: 总融合耗时=8.53ms (地理过滤部分 + 各摄像头融合), 视觉目标数=2, 成功匹配=0
[RADAR_FUSION_ORCHESTRATOR] Frame 90 C3: 收集=0.17ms, 融合=7.81ms, 小计=8.10ms, 目标数=3, 匹配数=0
[RADAR_FUSION_ORCHESTRATOR] Frame 90: 总融合耗时=8.17ms (地理过滤部分 + 各摄像头融合), 视觉目标数=3, 成功匹配=0
[RADAR_FUSION_ORCHESTRATOR] Frame 91 C1: 收集=0.13ms, 融合=7.67ms, 小计=7.90ms, 目标数=2, 匹配数=0
[RADAR_FUSION_ORCHESTRATOR] Frame 91: 总融合耗时=8.48ms (地理过滤部分 + 各摄像头融合), 视觉目标数=2, 成功匹配=0
[RADAR_FUSION_ORCHESTRATOR] Frame 92: 总融合耗时=0.03ms (地理过滤部分 + 各摄像头融合), 视觉目标数=0, 成功匹配=0
[RADAR_FUSION_ORCHESTRATOR] Frame 93 C1: 收集=0.12ms, 融合=8.06ms, 小计=8.30ms, 目标数=2, 匹配数=0
[RADAR_FUSION_ORCHESTRATOR] Frame 93: 总融合耗时=8.87ms (地理过滤部分 + 各摄像头融合), 视觉目标数=2, 成功匹配=0
[RADAR_FUSION_ORCHESTRATOR] Frame 94 C3: 收集=0.15ms, 融合=9.33ms, 小计=9.58ms, 目标数=3, 匹配数=3
[RADAR_FUSION_ORCHESTRATOR] Frame 94: 总融合耗时=9.64ms (地理过滤部分 + 各摄像头融合), 视觉目标数=3, 成功匹配=3
[RADAR_FUSION_ORCHESTRATOR] Frame 95 C1: 收集=0.13ms, 融合=8.20ms, 小计=8.43ms, 目标数=2, 匹配数=0
[RADAR_FUSION_ORCHESTRATOR] Frame 95: 总融合耗时=9.03ms (地理过滤部分 + 各摄像头融合), 视觉目标数=2, 成功匹配=0
[RADAR_FUSION_ORCHESTRATOR] Frame 96 C3: 收集=0.16ms, 融合=8.19ms, 小计=8.47ms, 目标数=3, 匹配数=0
[RADAR_FUSION_ORCHESTRATOR] Frame 96: 总融合耗时=8.54ms (地理过滤部分 + 各摄像头融合), 视觉目标数=3, 成功匹配=0
[RADAR_FUSION_ORCHESTRATOR] Frame 97 C1: 收集=0.15ms, 融合=9.48ms, 小计=9.75ms, 目标数=2, 匹配数=2
[RADAR_FUSION_ORCHESTRATOR] Frame 97: 总融合耗时=11.22ms (地理过滤部分 + 各摄像头融合), 视觉目标数=2, 成功匹配=2
[RADAR_FUSION_ORCHESTRATOR] Frame 98 C3: 收集=0.31ms, 融合=8.59ms, 小计=9.08ms, 目标数=3, 匹配数=0
[RADAR_FUSION_ORCHESTRATOR] Frame 98: 总融合耗时=9.18ms (地理过滤部分 + 各摄像头融合), 视觉目标数=3, 成功匹配=0
[RADAR_FUSION_ORCHESTRATOR] Frame 99 C1: 收集=0.14ms, 融合=8.46ms, 小计=8.71ms, 目标数=2, 匹配数=0
[RADAR_FUSION_ORCHESTRATOR] Frame 99: 总融合耗时=9.37ms (地理过滤部分 + 各摄像头融合), 视觉目标数=2, 成功匹配=0
[RADAR_FUSION_ORCHESTRATOR] Frame 100 C1: 收集=0.15ms, 融合=8.45ms, 小计=8.73ms, 目标数=2, 匹配数=0
[RADAR_FUSION_ORCHESTRATOR] Frame 100 C3: 收集=0.17ms, 融合=8.41ms, 小计=8.66ms, 目标数=3, 匹配数=0
[RADAR_FUSION_ORCHESTRATOR] Frame 100: 总融合耗时=18.05ms (地理过滤部分 + 各摄像头融合), 视觉目标数=5, 成功匹配=0
[RADAR_FUSION_ORCHESTRATOR] Frame 101 C1: 收集=0.16ms, 融合=9.92ms, 小计=10.22ms, 目标数=2, 匹配数=2
[RADAR_FUSION_ORCHESTRATOR] Frame 101 C3: 收集=0.22ms, 融合=10.10ms, 小计=10.44ms, 目标数=3, 匹配数=3
[RADAR_FUSION_ORCHESTRATOR] Frame 101: 总融合耗时=22.17ms (地理过滤部分 + 各摄像头融合), 视觉目标数=5, 成功匹配=5
[RADAR_FUSION_ORCHESTRATOR] Frame 102 C1: 收集=0.16ms, 融合=9.08ms, 小计=9.41ms, 目标数=2, 匹配数=0
[RADAR_FUSION_ORCHESTRATOR] Frame 102: 总融合耗时=10.07ms (地理过滤部分 + 各摄像头融合), 视觉目标数=2, 成功匹配=0
[RADAR_FUSION_ORCHESTRATOR] Frame 103 C1: 收集=0.14ms, 融合=8.73ms, 小计=9.01ms, 目标数=2, 匹配数=0
[RADAR_FUSION_ORCHESTRATOR] Frame 103 C3: 收集=0.17ms, 融合=10.15ms, 小计=10.41ms, 目标数=3, 匹配数=3
[RADAR_FUSION_ORCHESTRATOR] Frame 103: 总融合耗时=20.12ms (地理过滤部分 + 各摄像头融合), 视觉目标数=5, 成功匹配=3
[RADAR_FUSION_ORCHESTRATOR] Frame 104 C1: 收集=0.15ms, 融合=9.09ms, 小计=9.38ms, 目标数=2, 匹配数=0
[RADAR_FUSION_ORCHESTRATOR] Frame 104 C3: 收集=0.18ms, 融合=8.77ms, 小计=9.04ms, 目标数=3, 匹配数=0
[RADAR_FUSION_ORCHESTRATOR] Frame 104: 总融合耗时=19.12ms (地理过滤部分 + 各摄像头融合), 视觉目标数=5, 成功匹配=0
[RADAR_FUSION_ORCHESTRATOR] Frame 105 C1: 收集=0.13ms, 融合=8.86ms, 小计=9.10ms, 目标数=2, 匹配数=0
[RADAR_FUSION_ORCHESTRATOR] Frame 105: 总融合耗时=9.75ms (地理过滤部分 + 各摄像头融合), 视觉目标数=2, 成功匹配=0
[RADAR_FUSION_ORCHESTRATOR] Frame 106 C1: 收集=0.16ms, 融合=10.11ms, 小计=10.41ms, 目标数=2, 匹配数=2
[RADAR_FUSION_ORCHESTRATOR] Frame 106 C3: 收集=0.18ms, 融合=8.87ms, 小计=9.14ms, 目标数=3, 匹配数=0
[RADAR_FUSION_ORCHESTRATOR] Frame 106: 总融合耗时=21.20ms (地理过滤部分 + 各摄像头融合), 视觉目标数=5, 成功匹配=2
[RADAR_FUSION_ORCHESTRATOR] Frame 107 C1: 收集=0.14ms, 融合=9.17ms, 小计=9.45ms, 目标数=2, 匹配数=0
[RADAR_FUSION_ORCHESTRATOR] Frame 107 C3: 收集=0.17ms, 融合=9.01ms, 小计=9.27ms, 目标数=3, 匹配数=0
[RADAR_FUSION_ORCHESTRATOR] Frame 107: 总融合耗时=19.40ms (地理过滤部分 + 各摄像头融合), 视觉目标数=5, 成功匹配=0
[RADAR_FUSION_ORCHESTRATOR] Frame 108 C1: 收集=0.15ms, 融合=9.23ms, 小计=9.51ms, 目标数=2, 匹配数=0
[RADAR_FUSION_ORCHESTRATOR] Frame 108 C3: 收集=0.18ms, 融合=9.08ms, 小计=9.34ms, 目标数=3, 匹配数=0
[RADAR_FUSION_ORCHESTRATOR] Frame 108: 总融合耗时=19.55ms (地理过滤部分 + 各摄像头融合), 视觉目标数=5, 成功匹配=0
[RADAR_FUSION_ORCHESTRATOR] Frame 109 C1: 收集=0.17ms, 融合=9.25ms, 小计=9.53ms, 目标数=2, 匹配数=0
[RADAR_FUSION_ORCHESTRATOR] Frame 109: 总融合耗时=10.19ms (地理过滤部分 + 各摄像头融合), 视觉目标数=2, 成功匹配=0
[RADAR_FUSION_ORCHESTRATOR] Frame 110 C1: 收集=0.17ms, 融合=9.45ms, 小计=9.78ms, 目标数=2, 匹配数=0
[RADAR_FUSION_ORCHESTRATOR] Frame 110 C3: 收集=0.17ms, 融合=10.75ms, 小计=11.01ms, 目标数=3, 匹配数=3
[RADAR_FUSION_ORCHESTRATOR] Frame 110: 总融合耗时=21.52ms (地理过滤部分 + 各摄像头融合), 视觉目标数=5, 成功匹配=3
[RADAR_FUSION_ORCHESTRATOR] Frame 111 C1: 收集=0.14ms, 融合=9.58ms, 小计=9.84ms, 目标数=2, 匹配数=0
[RADAR_FUSION_ORCHESTRATOR] Frame 111 C3: 收集=0.19ms, 融合=9.37ms, 小计=9.64ms, 目标数=3, 匹配数=0
[RADAR_FUSION_ORCHESTRATOR] Frame 111: 总融合耗时=20.21ms (地理过滤部分 + 各摄像头融合), 视觉目标数=5, 成功匹配=0
[RADAR_FUSION_ORCHESTRATOR] Frame 112 C1: 收集=0.15ms, 融合=9.65ms, 小计=9.93ms, 目标数=2, 匹配数=0
[RADAR_FUSION_ORCHESTRATOR] Frame 112: 总融合耗时=10.68ms (地理过滤部分 + 各摄像头融合), 视觉目标数=2, 成功匹配=0
[RADAR_FUSION_ORCHESTRATOR] Frame 113 C1: 收集=0.16ms, 融合=9.62ms, 小计=9.90ms, 目标数=2, 匹配数=0
[RADAR_FUSION_ORCHESTRATOR] Frame 113 C3: 收集=0.17ms, 融合=9.56ms, 小计=9.82ms, 目标数=3, 匹配数=0
[RADAR_FUSION_ORCHESTRATOR] Frame 113: 总融合耗时=20.48ms (地理过滤部分 + 各摄像头融合), 视觉目标数=5, 成功匹配=0
[RADAR_FUSION_ORCHESTRATOR] Frame 114 C1: 收集=0.15ms, 融合=9.73ms, 小计=10.02ms, 目标数=2, 匹配数=0
[RADAR_FUSION_ORCHESTRATOR] Frame 114 C3: 收集=0.17ms, 融合=9.53ms, 小计=9.80ms, 目标数=3, 匹配数=0
[RADAR_FUSION_ORCHESTRATOR] Frame 114: 总融合耗时=20.56ms (地理过滤部分 + 各摄像头融合), 视觉目标数=5, 成功匹配=0
[RADAR_FUSION_ORCHESTRATOR] Frame 115 C1: 收集=0.14ms, 融合=9.92ms, 小计=10.17ms, 目标数=2, 匹配数=0
[RADAR_FUSION_ORCHESTRATOR] Frame 115: 总融合耗时=10.86ms (地理过滤部分 + 各摄像头融合), 视觉目标数=2, 成功匹配=0
[RADAR_FUSION_ORCHESTRATOR] Frame 116 C3: 收集=0.16ms, 融合=9.89ms, 小计=10.15ms, 目标数=3, 匹配数=0
[RADAR_FUSION_ORCHESTRATOR] Frame 116: 总融合耗时=10.23ms (地理过滤部分 + 各摄像头融合), 视觉目标数=3, 成功匹配=0
[RADAR_FUSION_ORCHESTRATOR] Frame 117 C1: 收集=0.19ms, 融合=9.90ms, 小计=10.18ms, 目标数=3, 匹配数=0
[RADAR_FUSION_ORCHESTRATOR] Frame 117 C3: 收集=0.19ms, 融合=9.93ms, 小计=10.20ms, 目标数=3, 匹配数=0
[RADAR_FUSION_ORCHESTRATOR] Frame 117: 总融合耗时=21.13ms (地理过滤部分 + 各摄像头融合), 视觉目标数=6, 成功匹配=0
[RADAR_FUSION_ORCHESTRATOR] Frame 118 C1: 收集=0.18ms, 融合=11.52ms, 小计=11.80ms, 目标数=3, 匹配数=3
[RADAR_FUSION_ORCHESTRATOR] Frame 118: 总融合耗时=13.40ms (地理过滤部分 + 各摄像头融合), 视觉目标数=3, 成功匹配=3
[RADAR_FUSION_ORCHESTRATOR] Frame 119 C1: 收集=0.20ms, 融合=10.15ms, 小计=10.44ms, 目标数=3, 匹配数=0
[RADAR_FUSION_ORCHESTRATOR] Frame 119 C3: 收集=0.18ms, 融合=11.41ms, 小计=11.67ms, 目标数=3, 匹配数=3
[RADAR_FUSION_ORCHESTRATOR] Frame 119: 总融合耗时=22.90ms (地理过滤部分 + 各摄像头融合), 视觉目标数=6, 成功匹配=3
[RADAR_FUSION_ORCHESTRATOR] Frame 120 C1: 收集=0.19ms, 融合=10.26ms, 小计=10.54ms, 目标数=3, 匹配数=0
[RADAR_FUSION_ORCHESTRATOR] Frame 120 C3: 收集=0.17ms, 融合=12.11ms, 小计=12.37ms, 目标数=3, 匹配数=3
[RADAR_FUSION_ORCHESTRATOR] Frame 120: 总融合耗时=23.70ms (地理过滤部分 + 各摄像头融合), 视觉目标数=6, 成功匹配=3
[RADAR_FUSION_ORCHESTRATOR] Frame 121 C1: 收集=0.19ms, 融合=10.43ms, 小计=10.72ms, 目标数=3, 匹配数=0
[RADAR_FUSION_ORCHESTRATOR] Frame 121: 总融合耗时=11.48ms (地理过滤部分 + 各摄像头融合), 视觉目标数=3, 成功匹配=0
[RADAR_FUSION_ORCHESTRATOR] Frame 122 C1: 收集=0.18ms, 融合=10.36ms, 小计=10.63ms, 目标数=3, 匹配数=0
[RADAR_FUSION_ORCHESTRATOR] Frame 122 C3: 收集=0.17ms, 融合=10.43ms, 小计=10.68ms, 目标数=3, 匹配数=0
[RADAR_FUSION_ORCHESTRATOR] Frame 122: 总融合耗时=22.14ms (地理过滤部分 + 各摄像头融合), 视觉目标数=6, 成功匹配=0
[RADAR_FUSION_ORCHESTRATOR] Frame 123 C1: 收集=0.20ms, 融合=11.90ms, 小计=12.20ms, 目标数=3, 匹配数=3
[RADAR_FUSION_ORCHESTRATOR] Frame 123 C3: 收集=0.23ms, 融合=10.36ms, 小计=10.69ms, 目标数=3, 匹配数=0
[RADAR_FUSION_ORCHESTRATOR] Frame 123: 总融合耗时=24.62ms (地理过滤部分 + 各摄像头融合), 视觉目标数=6, 成功匹配=3
[RADAR_FUSION_ORCHESTRATOR] Frame 124 C1: 收集=0.20ms, 融合=12.16ms, 小计=12.46ms, 目标数=3, 匹配数=3
[RADAR_FUSION_ORCHESTRATOR] Frame 124 C3: 收集=0.21ms, 融合=10.28ms, 小计=10.59ms, 目标数=3, 匹配数=0
[RADAR_FUSION_ORCHESTRATOR] Frame 124: 总融合耗时=24.70ms (地理过滤部分 + 各摄像头融合), 视觉目标数=6, 成功匹配=3
[RADAR_FUSION_ORCHESTRATOR] Frame 125 C1: 收集=0.18ms, 融合=10.73ms, 小计=11.00ms, 目标数=3, 匹配数=0
[RADAR_FUSION_ORCHESTRATOR] Frame 125: 总融合耗时=11.77ms (地理过滤部分 + 各摄像头融合), 视觉目标数=3, 成功匹配=0
[RADAR_FUSION_ORCHESTRATOR] Frame 126 C1: 收集=0.18ms, 融合=10.86ms, 小计=11.12ms, 目标数=3, 匹配数=0
[RADAR_FUSION_ORCHESTRATOR] Frame 126 C3: 收集=0.18ms, 融合=11.92ms, 小计=12.17ms, 目标数=3, 匹配数=3
[RADAR_FUSION_ORCHESTRATOR] Frame 126: 总融合耗时=24.06ms (地理过滤部分 + 各摄像头融合), 视觉目标数=6, 成功匹配=3
[RADAR_FUSION_ORCHESTRATOR] Frame 127 C1: 收集=0.19ms, 融合=10.77ms, 小计=11.10ms, 目标数=3, 匹配数=0
[RADAR_FUSION_ORCHESTRATOR] Frame 127 C3: 收集=0.18ms, 融合=12.25ms, 小计=12.51ms, 目标数=3, 匹配数=3
[RADAR_FUSION_ORCHESTRATOR] Frame 127: 总融合耗时=24.43ms (地理过滤部分 + 各摄像头融合), 视觉目标数=6, 成功匹配=3
[RADAR_FUSION_ORCHESTRATOR] Frame 128 C1: 收集=0.19ms, 融合=12.42ms, 小计=12.72ms, 目标数=3, 匹配数=3
[RADAR_FUSION_ORCHESTRATOR] Frame 128 C3: 收集=0.20ms, 融合=10.87ms, 小计=11.16ms, 目标数=3, 匹配数=0
[RADAR_FUSION_ORCHESTRATOR] Frame 128: 总融合耗时=25.56ms (地理过滤部分 + 各摄像头融合), 视觉目标数=6, 成功匹配=3
[RADAR_FUSION_ORCHESTRATOR] Frame 129 C1: 收集=0.20ms, 融合=12.49ms, 小计=12.84ms, 目标数=3, 匹配数=3
[RADAR_FUSION_ORCHESTRATOR] Frame 129 C3: 收集=0.20ms, 融合=10.83ms, 小计=11.13ms, 目标数=3, 匹配数=0
[RADAR_FUSION_ORCHESTRATOR] Frame 129: 总融合耗时=25.69ms (地理过滤部分 + 各摄像头融合), 视觉目标数=6, 成功匹配=3
[RADAR_FUSION_ORCHESTRATOR] Frame 130 C1: 收集=0.19ms, 融合=10.94ms, 小计=11.25ms, 目标数=3, 匹配数=0
[RADAR_FUSION_ORCHESTRATOR] Frame 130 C3: 收集=0.17ms, 融合=11.05ms, 小计=11.29ms, 目标数=3, 匹配数=0
[RADAR_FUSION_ORCHESTRATOR] Frame 130: 总融合耗时=23.43ms (地理过滤部分 + 各摄像头融合), 视觉目标数=6, 成功匹配=0
[RADAR_FUSION_ORCHESTRATOR] Frame 131 C1: 收集=0.18ms, 融合=11.19ms, 小计=11.50ms, 目标数=3, 匹配数=0
[RADAR_FUSION_ORCHESTRATOR] Frame 131 C3: 收集=0.22ms, 融合=12.42ms, 小计=12.74ms, 目标数=3, 匹配数=3
[RADAR_FUSION_ORCHESTRATOR] Frame 131: 总融合耗时=25.10ms (地理过滤部分 + 各摄像头融合), 视觉目标数=6, 成功匹配=3
[RADAR_FUSION_ORCHESTRATOR] Frame 132 C1: 收集=0.20ms, 融合=12.93ms, 小计=13.26ms, 目标数=3, 匹配数=3
[RADAR_FUSION_ORCHESTRATOR] Frame 132 C3: 收集=0.20ms, 融合=12.42ms, 小计=12.71ms, 目标数=3, 匹配数=3
[RADAR_FUSION_ORCHESTRATOR] Frame 132: 总融合耗时=27.71ms (地理过滤部分 + 各摄像头融合), 视觉目标数=6, 成功匹配=6
[RADAR_FUSION_ORCHESTRATOR] Frame 133 C1: 收集=0.19ms, 融合=11.21ms, 小计=11.54ms, 目标数=3, 匹配数=0
[RADAR_FUSION_ORCHESTRATOR] Frame 133 C3: 收集=0.18ms, 融合=11.32ms, 小计=11.59ms, 目标数=3, 匹配数=0
[RADAR_FUSION_ORCHESTRATOR] Frame 133: 总融合耗时=24.01ms (地理过滤部分 + 各摄像头融合), 视觉目标数=6, 成功匹配=0
[RADAR_FUSION_ORCHESTRATOR] Frame 134 C1: 收集=0.18ms, 融合=11.39ms, 小计=11.74ms, 目标数=3, 匹配数=0
[RADAR_FUSION_ORCHESTRATOR] Frame 134 C3: 收集=0.18ms, 融合=11.27ms, 小计=11.53ms, 目标数=3, 匹配数=0
[RADAR_FUSION_ORCHESTRATOR] Frame 134: 总融合耗时=24.15ms (地理过滤部分 + 各摄像头融合), 视觉目标数=6, 成功匹配=0
[RADAR_FUSION_ORCHESTRATOR] Frame 135 C1: 收集=0.20ms, 融合=11.61ms, 小计=12.03ms, 目标数=3, 匹配数=0
[RADAR_FUSION_ORCHESTRATOR] Frame 135 C3: 收集=0.25ms, 融合=11.53ms, 小计=11.87ms, 目标数=3, 匹配数=0
[RADAR_FUSION_ORCHESTRATOR] Frame 135: 总融合耗时=24.81ms (地理过滤部分 + 各摄像头融合), 视觉目标数=6, 成功匹配=0
[RADAR_FUSION_ORCHESTRATOR] Frame 136 C1: 收集=0.18ms, 融合=11.68ms, 小计=11.98ms, 目标数=3, 匹配数=0
[RADAR_FUSION_ORCHESTRATOR] Frame 136: 总融合耗时=12.85ms (地理过滤部分 + 各摄像头融合), 视觉目标数=3, 成功匹配=0
[RADAR_FUSION_ORCHESTRATOR] Frame 137 C1: 收集=0.20ms, 融合=13.04ms, 小计=13.39ms, 目标数=3, 匹配数=3
[RADAR_FUSION_ORCHESTRATOR] Frame 137 C3: 收集=0.19ms, 融合=12.88ms, 小计=13.17ms, 目标数=3, 匹配数=3
[RADAR_FUSION_ORCHESTRATOR] Frame 137: 总融合耗时=28.42ms (地理过滤部分 + 各摄像头融合), 视觉目标数=6, 成功匹配=6
[RADAR_FUSION_ORCHESTRATOR] Frame 138 C1: 收集=0.19ms, 融合=11.67ms, 小计=12.00ms, 目标数=3, 匹配数=0
[RADAR_FUSION_ORCHESTRATOR] Frame 138 C3: 收集=0.18ms, 融合=12.91ms, 小计=13.18ms, 目标数=3, 匹配数=3
[RADAR_FUSION_ORCHESTRATOR] Frame 138: 总融合耗时=26.10ms (地理过滤部分 + 各摄像头融合), 视觉目标数=6, 成功匹配=3
[RADAR_FUSION_ORCHESTRATOR] Frame 139 C1: 收集=0.18ms, 融合=11.70ms, 小计=12.02ms, 目标数=3, 匹配数=0
[RADAR_FUSION_ORCHESTRATOR] Frame 139 C3: 收集=0.19ms, 融合=11.60ms, 小计=11.88ms, 目标数=3, 匹配数=0
[RADAR_FUSION_ORCHESTRATOR] Frame 139: 总融合耗时=24.79ms (地理过滤部分 + 各摄像头融合), 视觉目标数=6, 成功匹配=0
[RADAR_FUSION_ORCHESTRATOR] Frame 140 C1: 收集=0.20ms, 融合=11.78ms, 小计=12.13ms, 目标数=3, 匹配数=0
[RADAR_FUSION_ORCHESTRATOR] Frame 140 C3: 收集=0.17ms, 融合=11.69ms, 小计=11.95ms, 目标数=3, 匹配数=0
[RADAR_FUSION_ORCHESTRATOR] Frame 140: 总融合耗时=24.96ms (地理过滤部分 + 各摄像头融合), 视觉目标数=6, 成功匹配=0
[RADAR_FUSION_ORCHESTRATOR] Frame 141 C1: 收集=0.17ms, 融合=11.95ms, 小计=12.24ms, 目标数=3, 匹配数=0
[RADAR_FUSION_ORCHESTRATOR] Frame 141: 总融合耗时=13.07ms (地理过滤部分 + 各摄像头融合), 视觉目标数=3, 成功匹配=0
[RADAR_FUSION_ORCHESTRATOR] Frame 142 C1: 收集=0.20ms, 融合=11.90ms, 小计=12.21ms, 目标数=3, 匹配数=0
[RADAR_FUSION_ORCHESTRATOR] Frame 142 C3: 收集=0.18ms, 融合=13.35ms, 小计=13.61ms, 目标数=3, 匹配数=3
[RADAR_FUSION_ORCHESTRATOR] Frame 142: 总融合耗时=26.71ms (地理过滤部分 + 各摄像头融合), 视觉目标数=6, 成功匹配=3
[RADAR_FUSION_ORCHESTRATOR] Frame 143 C1: 收集=0.20ms, 融合=12.07ms, 小计=12.41ms, 目标数=3, 匹配数=0
[RADAR_FUSION_ORCHESTRATOR] Frame 143 C3: 收集=0.20ms, 融合=12.07ms, 小计=12.36ms, 目标数=3, 匹配数=0
[RADAR_FUSION_ORCHESTRATOR] Frame 143: 总融合耗时=25.69ms (地理过滤部分 + 各摄像头融合), 视觉目标数=6, 成功匹配=0
[RADAR_FUSION_ORCHESTRATOR] Frame 144 C1: 收集=0.19ms, 融合=12.08ms, 小计=12.39ms, 目标数=3, 匹配数=0
[RADAR_FUSION_ORCHESTRATOR] Frame 144 C3: 收集=0.18ms, 融合=12.11ms, 小计=12.38ms, 目标数=3, 匹配数=0
[RADAR_FUSION_ORCHESTRATOR] Frame 144: 总融合耗时=25.66ms (地理过滤部分 + 各摄像头融合), 视觉目标数=6, 成功匹配=0
[RADAR_FUSION_ORCHESTRATOR] Frame 145 C1: 收集=0.18ms, 融合=12.25ms, 小计=12.56ms, 目标数=3, 匹配数=0
[RADAR_FUSION_ORCHESTRATOR] Frame 145 C3: 收集=0.20ms, 融合=12.08ms, 小计=12.37ms, 目标数=3, 匹配数=0
[RADAR_FUSION_ORCHESTRATOR] Frame 145: 总融合耗时=25.83ms (地理过滤部分 + 各摄像头融合), 视觉目标数=6, 成功匹配=0
[RADAR_FUSION_ORCHESTRATOR] Frame 146 C1: 收集=0.18ms, 融合=12.29ms, 小计=12.60ms, 目标数=3, 匹配数=0
[RADAR_FUSION_ORCHESTRATOR] Frame 146 C3: 收集=0.19ms, 融合=12.18ms, 小计=12.45ms, 目标数=3, 匹配数=0
[RADAR_FUSION_ORCHESTRATOR] Frame 146: 总融合耗时=26.07ms (地理过滤部分 + 各摄像头融合), 视觉目标数=6, 成功匹配=0
[RADAR_FUSION_ORCHESTRATOR] Frame 147 C1: 收集=0.20ms, 融合=13.97ms, 小计=14.31ms, 目标数=3, 匹配数=3
[RADAR_FUSION_ORCHESTRATOR] Frame 147 C3: 收集=0.20ms, 融合=13.75ms, 小计=14.05ms, 目标数=3, 匹配数=3
[RADAR_FUSION_ORCHESTRATOR] Frame 147: 总融合耗时=30.18ms (地理过滤部分 + 各摄像头融合), 视觉目标数=6, 成功匹配=6
[RADAR_FUSION_ORCHESTRATOR] Frame 148 C1: 收集=0.19ms, 融合=12.59ms, 小计=12.91ms, 目标数=3, 匹配数=0
[RADAR_FUSION_ORCHESTRATOR] Frame 148 C3: 收集=0.19ms, 融合=12.32ms, 小计=12.59ms, 目标数=3, 匹配数=0
[RADAR_FUSION_ORCHESTRATOR] Frame 148: 总融合耗时=26.43ms (地理过滤部分 + 各摄像头融合), 视觉目标数=6, 成功匹配=0
[RADAR_FUSION_ORCHESTRATOR] Frame 149 C1: 收集=0.18ms, 融合=12.72ms, 小计=13.04ms, 目标数=3, 匹配数=0
[RADAR_FUSION_ORCHESTRATOR] Frame 149 C3: 收集=0.22ms, 融合=12.62ms, 小计=12.93ms, 目标数=3, 匹配数=0
[RADAR_FUSION_ORCHESTRATOR] Frame 149: 总融合耗时=26.93ms (地理过滤部分 + 各摄像头融合), 视觉目标数=6, 成功匹配=0
[RADAR_FUSION_ORCHESTRATOR] Frame 150 C1: 收集=0.18ms, 融合=12.85ms, 小计=13.19ms, 目标数=3, 匹配数=0
[RADAR_FUSION_ORCHESTRATOR] Frame 150 C3: 收集=0.22ms, 融合=12.80ms, 小计=13.12ms, 目标数=3, 匹配数=0
[RADAR_FUSION_ORCHESTRATOR] Frame 150: 总融合耗时=27.31ms (地理过滤部分 + 各摄像头融合), 视觉目标数=6, 成功匹配=0
[RADAR_FUSION_ORCHESTRATOR] Frame 151 C1: 收集=0.21ms, 融合=12.72ms, 小计=13.08ms, 目标数=3, 匹配数=0
[RADAR_FUSION_ORCHESTRATOR] Frame 151 C3: 收集=0.17ms, 融合=12.63ms, 小计=12.88ms, 目标数=3, 匹配数=0
[RADAR_FUSION_ORCHESTRATOR] Frame 151: 总融合耗时=26.92ms (地理过滤部分 + 各摄像头融合), 视觉目标数=6, 成功匹配=0
[RADAR_FUSION_ORCHESTRATOR] Frame 152 C1: 收集=0.19ms, 融合=14.01ms, 小计=14.32ms, 目标数=3, 匹配数=3
[RADAR_FUSION_ORCHESTRATOR] Frame 152 C3: 收集=0.19ms, 融合=12.58ms, 小计=12.86ms, 目标数=3, 匹配数=0
[RADAR_FUSION_ORCHESTRATOR] Frame 152: 总融合耗时=28.91ms (地理过滤部分 + 各摄像头融合), 视觉目标数=6, 成功匹配=3
[RADAR_FUSION_ORCHESTRATOR] Frame 153 C1: 收集=0.18ms, 融合=12.84ms, 小计=13.16ms, 目标数=3, 匹配数=0
[RADAR_FUSION_ORCHESTRATOR] Frame 153 C3: 收集=0.20ms, 融合=14.16ms, 小计=14.45ms, 目标数=3, 匹配数=3
[RADAR_FUSION_ORCHESTRATOR] Frame 153: 总融合耗时=28.59ms (地理过滤部分 + 各摄像头融合), 视觉目标数=6, 成功匹配=3
[RADAR_FUSION_ORCHESTRATOR] Frame 154 C1: 收集=0.21ms, 融合=13.07ms, 小计=13.41ms, 目标数=3, 匹配数=0
[RADAR_FUSION_ORCHESTRATOR] Frame 154 C3: 收集=0.18ms, 融合=14.16ms, 小计=14.43ms, 目标数=3, 匹配数=3
[RADAR_FUSION_ORCHESTRATOR] Frame 154: 总融合耗时=28.83ms (地理过滤部分 + 各摄像头融合), 视觉目标数=6, 成功匹配=3
[RADAR_FUSION_ORCHESTRATOR] Frame 155 C1: 收集=0.20ms, 融合=13.17ms, 小计=13.54ms, 目标数=3, 匹配数=0
[RADAR_FUSION_ORCHESTRATOR] Frame 155 C3: 收集=0.21ms, 融合=12.93ms, 小计=13.23ms, 目标数=3, 匹配数=0
[RADAR_FUSION_ORCHESTRATOR] Frame 155: 总融合耗时=27.75ms (地理过滤部分 + 各摄像头融合), 视觉目标数=6, 成功匹配=0
[RADAR_FUSION_ORCHESTRATOR] Frame 156 C1: 收集=0.19ms, 融合=13.41ms, 小计=13.72ms, 目标数=3, 匹配数=0
[RADAR_FUSION_ORCHESTRATOR] Frame 156 C3: 收集=0.19ms, 融合=13.03ms, 小计=13.30ms, 目标数=3, 匹配数=0
[RADAR_FUSION_ORCHESTRATOR] Frame 156: 总融合耗时=28.00ms (地理过滤部分 + 各摄像头融合), 视觉目标数=6, 成功匹配=0
[RADAR_FUSION_ORCHESTRATOR] Frame 157 C1: 收集=0.21ms, 融合=13.21ms, 小计=13.57ms, 目标数=3, 匹配数=0
[RADAR_FUSION_ORCHESTRATOR] Frame 157 C3: 收集=0.17ms, 融合=13.05ms, 小计=13.31ms, 目标数=3, 匹配数=0
[RADAR_FUSION_ORCHESTRATOR] Frame 157: 总融合耗时=27.88ms (地理过滤部分 + 各摄像头融合), 视觉目标数=6, 成功匹配=0
[RADAR_FUSION_ORCHESTRATOR] Frame 158 C1: 收集=0.22ms, 融合=13.42ms, 小计=13.77ms, 目标数=3, 匹配数=0
[RADAR_FUSION_ORCHESTRATOR] Frame 158 C3: 收集=0.18ms, 融合=14.44ms, 小计=14.71ms, 目标数=3, 匹配数=3
[RADAR_FUSION_ORCHESTRATOR] Frame 158: 总融合耗时=29.44ms (地理过滤部分 + 各摄像头融合), 视觉目标数=6, 成功匹配=3
[RADAR_FUSION_ORCHESTRATOR] Frame 159 C1: 收集=0.19ms, 融合=13.36ms, 小计=13.70ms, 目标数=3, 匹配数=0
[RADAR_FUSION_ORCHESTRATOR] Frame 159 C3: 收集=0.18ms, 融合=14.71ms, 小计=14.98ms, 目标数=3, 匹配数=3
[RADAR_FUSION_ORCHESTRATOR] Frame 159: 总融合耗时=29.67ms (地理过滤部分 + 各摄像头融合), 视觉目标数=6, 成功匹配=3
[RADAR_FUSION_ORCHESTRATOR] Frame 160 C1: 收集=0.20ms, 融合=13.45ms, 小计=13.78ms, 目标数=3, 匹配数=0
[RADAR_FUSION_ORCHESTRATOR] Frame 160 C3: 收集=0.18ms, 融合=14.61ms, 小计=14.88ms, 目标数=3, 匹配数=3
[RADAR_FUSION_ORCHESTRATOR] Frame 160: 总融合耗时=29.71ms (地理过滤部分 + 各摄像头融合), 视觉目标数=6, 成功匹配=3
[RADAR_FUSION_ORCHESTRATOR] Frame 161 C1: 收集=0.21ms, 融合=13.67ms, 小计=14.03ms, 目标数=3, 匹配数=0
[RADAR_FUSION_ORCHESTRATOR] Frame 161 C3: 收集=0.17ms, 融合=14.72ms, 小计=14.97ms, 目标数=3, 匹配数=3
[RADAR_FUSION_ORCHESTRATOR] Frame 161: 总融合耗时=29.98ms (地理过滤部分 + 各摄像头融合), 视觉目标数=6, 成功匹配=3
[RADAR_FUSION_ORCHESTRATOR] Frame 162 C1: 收集=0.23ms, 融合=14.97ms, 小计=15.31ms, 目标数=3, 匹配数=3
[RADAR_FUSION_ORCHESTRATOR] Frame 162 C2: 收集=0.11ms, 融合=13.46ms, 小计=13.66ms, 目标数=1, 匹配数=0
[RADAR_FUSION_ORCHESTRATOR] Frame 162 C3: 收集=0.20ms, 融合=14.79ms, 小计=15.07ms, 目标数=3, 匹配数=3
[RADAR_FUSION_ORCHESTRATOR] Frame 162: 总融合耗时=45.99ms (地理过滤部分 + 各摄像头融合), 视觉目标数=7, 成功匹配=6
[RADAR_FUSION_ORCHESTRATOR] Frame 163 C1: 收集=0.21ms, 融合=13.90ms, 小计=14.20ms, 目标数=3, 匹配数=0
[RADAR_FUSION_ORCHESTRATOR] Frame 163 C2: 收集=0.10ms, 融合=13.59ms, 小计=13.77ms, 目标数=1, 匹配数=0
[RADAR_FUSION_ORCHESTRATOR] Frame 163 C3: 收集=0.17ms, 融合=14.77ms, 小计=15.01ms, 目标数=3, 匹配数=3
[RADAR_FUSION_ORCHESTRATOR] Frame 163: 总融合耗时=44.00ms (地理过滤部分 + 各摄像头融合), 视觉目标数=7, 成功匹配=3
[RADAR_FUSION_ORCHESTRATOR] Frame 164 C1: 收集=0.23ms, 融合=13.80ms, 小计=14.12ms, 目标数=3, 匹配数=0
[RADAR_FUSION_ORCHESTRATOR] Frame 164 C2: 收集=0.11ms, 融合=14.40ms, 小计=14.59ms, 目标数=1, 匹配数=1
[RADAR_FUSION_ORCHESTRATOR] Frame 164 C3: 收集=0.18ms, 融合=14.74ms, 小计=15.01ms, 目标数=3, 匹配数=3
[RADAR_FUSION_ORCHESTRATOR] Frame 164: 总融合耗时=44.76ms (地理过滤部分 + 各摄像头融合), 视觉目标数=7, 成功匹配=4
[RADAR_FUSION_ORCHESTRATOR] Frame 165 C1: 收集=0.21ms, 融合=13.87ms, 小计=14.17ms, 目标数=3, 匹配数=0
[RADAR_FUSION_ORCHESTRATOR] Frame 165 C2: 收集=0.11ms, 融合=14.35ms, 小计=14.57ms, 目标数=1, 匹配数=1
[RADAR_FUSION_ORCHESTRATOR] Frame 165 C3: 收集=0.18ms, 融合=13.56ms, 小计=13.82ms, 目标数=3, 匹配数=0
[RADAR_FUSION_ORCHESTRATOR] Frame 165: 总融合耗时=43.62ms (地理过滤部分 + 各摄像头融合), 视觉目标数=7, 成功匹配=1
[RADAR_FUSION_ORCHESTRATOR] Frame 166 C1: 收集=0.20ms, 融合=15.03ms, 小计=15.33ms, 目标数=3, 匹配数=3
[RADAR_FUSION_ORCHESTRATOR] Frame 166 C2: 收集=0.11ms, 融合=14.39ms, 小计=14.59ms, 目标数=1, 匹配数=1
[RADAR_FUSION_ORCHESTRATOR] Frame 166 C3: 收集=0.19ms, 融合=13.66ms, 小计=13.94ms, 目标数=3, 匹配数=0
[RADAR_FUSION_ORCHESTRATOR] Frame 166: 总融合耗时=45.66ms (地理过滤部分 + 各摄像头融合), 视觉目标数=7, 成功匹配=4
[RADAR_FUSION_ORCHESTRATOR] Frame 167 C1: 收集=0.25ms, 融合=15.40ms, 小计=15.75ms, 目标数=3, 匹配数=3
[RADAR_FUSION_ORCHESTRATOR] Frame 167 C2: 收集=0.16ms, 融合=13.87ms, 小计=14.13ms, 目标数=1, 匹配数=0
[RADAR_FUSION_ORCHESTRATOR] Frame 167 C3: 收集=0.25ms, 融合=13.78ms, 小计=14.11ms, 目标数=3, 匹配数=0
[RADAR_FUSION_ORCHESTRATOR] Frame 167: 总融合耗时=45.81ms (地理过滤部分 + 各摄像头融合), 视觉目标数=7, 成功匹配=3
[RADAR_FUSION_ORCHESTRATOR] Frame 168 C1: 收集=0.26ms, 融合=15.32ms, 小计=15.74ms, 目标数=3, 匹配数=3
[RADAR_FUSION_ORCHESTRATOR] Frame 168 C2: 收集=0.13ms, 融合=13.94ms, 小计=14.16ms, 目标数=1, 匹配数=0
[RADAR_FUSION_ORCHESTRATOR] Frame 168 C3: 收集=0.20ms, 融合=15.06ms, 小计=15.34ms, 目标数=3, 匹配数=3
[RADAR_FUSION_ORCHESTRATOR] Frame 168: 总融合耗时=47.13ms (地理过滤部分 + 各摄像头融合), 视觉目标数=7, 成功匹配=6
[RADAR_FUSION_ORCHESTRATOR] Frame 169 C1: 收集=0.21ms, 融合=14.24ms, 小计=14.55ms, 目标数=3, 匹配数=0
[RADAR_FUSION_ORCHESTRATOR] Frame 169 C2: 收集=0.16ms, 融合=14.12ms, 小计=14.41ms, 目标数=1, 匹配数=0
[RADAR_FUSION_ORCHESTRATOR] Frame 169 C3: 收集=0.20ms, 融合=15.33ms, 小计=15.60ms, 目标数=3, 匹配数=3
[RADAR_FUSION_ORCHESTRATOR] Frame 169: 总融合耗时=45.67ms (地理过滤部分 + 各摄像头融合), 视觉目标数=7, 成功匹配=3
[RADAR_FUSION_ORCHESTRATOR] Frame 170 C1: 收集=0.27ms, 融合=14.27ms, 小计=14.63ms, 目标数=3, 匹配数=0
[RADAR_FUSION_ORCHESTRATOR] Frame 170 C2: 收集=0.11ms, 融合=14.19ms, 小计=14.38ms, 目标数=1, 匹配数=0
[RADAR_FUSION_ORCHESTRATOR] Frame 170 C3: 收集=0.19ms, 融合=14.05ms, 小计=14.31ms, 目标数=3, 匹配数=0
[RADAR_FUSION_ORCHESTRATOR] Frame 170: 总融合耗时=44.38ms (地理过滤部分 + 各摄像头融合), 视觉目标数=7, 成功匹配=0
[RADAR_FUSION_ORCHESTRATOR] Frame 171 C1: 收集=0.22ms, 融合=14.62ms, 小计=14.95ms, 目标数=3, 匹配数=0
[RADAR_FUSION_ORCHESTRATOR] Frame 171 C2: 收集=0.21ms, 融合=14.38ms, 小计=14.68ms, 目标数=1, 匹配数=0
[RADAR_FUSION_ORCHESTRATOR] Frame 171 C3: 收集=0.23ms, 融合=14.12ms, 小计=14.44ms, 目标数=3, 匹配数=0
[RADAR_FUSION_ORCHESTRATOR] Frame 171: 总融合耗时=45.17ms (地理过滤部分 + 各摄像头融合), 视觉目标数=7, 成功匹配=0
[RADAR_FUSION_ORCHESTRATOR] Frame 172 C1: 收集=0.26ms, 融合=15.84ms, 小计=16.26ms, 目标数=3, 匹配数=3
[RADAR_FUSION_ORCHESTRATOR] Frame 172 C2: 收集=0.12ms, 融合=14.31ms, 小计=14.53ms, 目标数=1, 匹配数=0
[RADAR_FUSION_ORCHESTRATOR] Frame 172 C3: 收集=0.21ms, 融合=14.15ms, 小计=14.44ms, 目标数=3, 匹配数=0
[RADAR_FUSION_ORCHESTRATOR] Frame 172: 总融合耗时=47.16ms (地理过滤部分 + 各摄像头融合), 视觉目标数=7, 成功匹配=3
[RADAR_FUSION_ORCHESTRATOR] Frame 173 C1: 收集=0.21ms, 融合=15.85ms, 小计=16.21ms, 目标数=3, 匹配数=3
[RADAR_FUSION_ORCHESTRATOR] Frame 173 C2: 收集=0.13ms, 融合=14.29ms, 小计=14.51ms, 目标数=1, 匹配数=0
[RADAR_FUSION_ORCHESTRATOR] Frame 173 C3: 收集=0.18ms, 融合=15.61ms, 小计=15.86ms, 目标数=3, 匹配数=3
[RADAR_FUSION_ORCHESTRATOR] Frame 173: 总融合耗时=48.44ms (地理过滤部分 + 各摄像头融合), 视觉目标数=7, 成功匹配=6
[RADAR_FUSION_ORCHESTRATOR] Frame 174 C1: 收集=0.20ms, 融合=14.68ms, 小计=15.05ms, 目标数=3, 匹配数=0
[RADAR_FUSION_ORCHESTRATOR] Frame 174 C2: 收集=0.13ms, 融合=14.41ms, 小计=14.61ms, 目标数=1, 匹配数=0
[RADAR_FUSION_ORCHESTRATOR] Frame 174 C3: 收集=0.18ms, 融合=15.87ms, 小计=16.13ms, 目标数=3, 匹配数=3
[RADAR_FUSION_ORCHESTRATOR] Frame 174: 总融合耗时=46.85ms (地理过滤部分 + 各摄像头融合), 视觉目标数=7, 成功匹配=3
[RADAR_FUSION_ORCHESTRATOR] Frame 175 C1: 收集=0.20ms, 融合=14.77ms, 小计=15.13ms, 目标数=3, 匹配数=0
[RADAR_FUSION_ORCHESTRATOR] Frame 175 C2: 收集=0.12ms, 融合=15.15ms, 小计=15.35ms, 目标数=1, 匹配数=1
[RADAR_FUSION_ORCHESTRATOR] Frame 175 C3: 收集=0.19ms, 融合=14.51ms, 小计=14.80ms, 目标数=3, 匹配数=0
[RADAR_FUSION_ORCHESTRATOR] Frame 175: 总融合耗时=46.38ms (地理过滤部分 + 各摄像头融合), 视觉目标数=7, 成功匹配=1
[RADAR_FUSION_ORCHESTRATOR] Frame 176 C1: 收集=0.27ms, 融合=14.84ms, 小计=15.25ms, 目标数=3, 匹配数=0
[RADAR_FUSION_ORCHESTRATOR] Frame 176 C2: 收集=0.11ms, 融合=15.35ms, 小计=15.54ms, 目标数=1, 匹配数=1
[RADAR_FUSION_ORCHESTRATOR] Frame 176 C3: 收集=0.18ms, 融合=14.45ms, 小计=14.72ms, 目标数=3, 匹配数=0
[RADAR_FUSION_ORCHESTRATOR] Frame 176: 总融合耗时=46.59ms (地理过滤部分 + 各摄像头融合), 视觉目标数=7, 成功匹配=1
[RADAR_FUSION_ORCHESTRATOR] Frame 177 C1: 收集=0.21ms, 融合=16.17ms, 小计=16.52ms, 目标数=3, 匹配数=3
[RADAR_FUSION_ORCHESTRATOR] Frame 177 C2: 收集=0.13ms, 融合=14.61ms, 小计=14.83ms, 目标数=1, 匹配数=0
[RADAR_FUSION_ORCHESTRATOR] Frame 177 C3: 收集=0.18ms, 融合=15.90ms, 小计=16.16ms, 目标数=3, 匹配数=3
[RADAR_FUSION_ORCHESTRATOR] Frame 177: 总融合耗时=49.35ms (地理过滤部分 + 各摄像头融合), 视觉目标数=7, 成功匹配=6
[RADAR_FUSION_ORCHESTRATOR] Frame 178 C1: 收集=0.21ms, 融合=16.16ms, 小计=16.51ms, 目标数=3, 匹配数=3
[RADAR_FUSION_ORCHESTRATOR] Frame 178 C2: 收集=0.13ms, 融合=14.78ms, 小计=15.02ms, 目标数=1, 匹配数=0
[RADAR_FUSION_ORCHESTRATOR] Frame 178 C3: 收集=0.18ms, 融合=16.07ms, 小计=16.34ms, 目标数=3, 匹配数=3
[RADAR_FUSION_ORCHESTRATOR] Frame 178: 总融合耗时=49.86ms (地理过滤部分 + 各摄像头融合), 视觉目标数=7, 成功匹配=6
[RADAR_FUSION_ORCHESTRATOR] Frame 179 C1: 收集=0.20ms, 融合=15.28ms, 小计=15.64ms, 目标数=3, 匹配数=0
[RADAR_FUSION_ORCHESTRATOR] Frame 179 C2: 收集=0.17ms, 融合=14.89ms, 小计=15.15ms, 目标数=1, 匹配数=0
[RADAR_FUSION_ORCHESTRATOR] Frame 179 C3: 收集=0.20ms, 融合=16.25ms, 小计=16.54ms, 目标数=3, 匹配数=3
[RADAR_FUSION_ORCHESTRATOR] Frame 179: 总融合耗时=48.45ms (地理过滤部分 + 各摄像头融合), 视觉目标数=7, 成功匹配=3
[RADAR_FUSION_ORCHESTRATOR] Frame 180 C1: 收集=0.21ms, 融合=15.25ms, 小计=15.65ms, 目标数=3, 匹配数=0
[RADAR_FUSION_ORCHESTRATOR] Frame 180 C2: 收集=0.18ms, 融合=15.96ms, 小计=16.24ms, 目标数=1, 匹配数=1
[RADAR_FUSION_ORCHESTRATOR] Frame 180 C3: 收集=0.23ms, 融合=14.80ms, 小计=15.13ms, 目标数=3, 匹配数=0
[RADAR_FUSION_ORCHESTRATOR] Frame 180: 总融合耗时=48.22ms (地理过滤部分 + 各摄像头融合), 视觉目标数=7, 成功匹配=1
[RADAR_FUSION_ORCHESTRATOR] Frame 181 C1: 收集=0.20ms, 融合=15.33ms, 小计=15.69ms, 目标数=3, 匹配数=0
[RADAR_FUSION_ORCHESTRATOR] Frame 181 C2: 收集=0.13ms, 融合=15.62ms, 小计=15.83ms, 目标数=1, 匹配数=1
[RADAR_FUSION_ORCHESTRATOR] Frame 181 C3: 收集=0.20ms, 融合=14.90ms, 小计=15.17ms, 目标数=3, 匹配数=0
[RADAR_FUSION_ORCHESTRATOR] Frame 181: 总融合耗时=47.86ms (地理过滤部分 + 各摄像头融合), 视觉目标数=7, 成功匹配=1
[RADAR_FUSION_ORCHESTRATOR] Frame 182 C1: 收集=0.23ms, 融合=16.74ms, 小计=17.17ms, 目标数=3, 匹配数=3
[RADAR_FUSION_ORCHESTRATOR] Frame 182 C2: 收集=0.15ms, 融合=15.23ms, 小计=15.49ms, 目标数=1, 匹配数=0
[RADAR_FUSION_ORCHESTRATOR] Frame 182 C3: 收集=0.28ms, 融合=15.09ms, 小计=15.47ms, 目标数=3, 匹配数=0
[RADAR_FUSION_ORCHESTRATOR] Frame 182: 总融合耗时=50.24ms (地理过滤部分 + 各摄像头融合), 视觉目标数=7, 成功匹配=3
[RADAR_FUSION_ORCHESTRATOR] Frame 183 C1: 收集=0.20ms, 融合=15.52ms, 小计=15.87ms, 目标数=3, 匹配数=0
[RADAR_FUSION_ORCHESTRATOR] Frame 183 C2: 收集=0.17ms, 融合=15.20ms, 小计=15.46ms, 目标数=1, 匹配数=0
[RADAR_FUSION_ORCHESTRATOR] Frame 183 C3: 收集=0.19ms, 融合=16.50ms, 小计=16.77ms, 目标数=3, 匹配数=3
[RADAR_FUSION_ORCHESTRATOR] Frame 183: 总融合耗时=49.34ms (地理过滤部分 + 各摄像头融合), 视觉目标数=7, 成功匹配=3
[RADAR_FUSION_ORCHESTRATOR] Frame 184 C1: 收集=0.19ms, 融合=15.42ms, 小计=15.75ms, 目标数=3, 匹配数=0
[RADAR_FUSION_ORCHESTRATOR] Frame 184 C2: 收集=0.12ms, 融合=15.32ms, 小计=15.52ms, 目标数=1, 匹配数=0
[RADAR_FUSION_ORCHESTRATOR] Frame 184 C3: 收集=0.18ms, 融合=16.57ms, 小计=16.83ms, 目标数=3, 匹配数=3
[RADAR_FUSION_ORCHESTRATOR] Frame 184: 总融合耗时=49.31ms (地理过滤部分 + 各摄像头融合), 视觉目标数=7, 成功匹配=3
[RADAR_FUSION_ORCHESTRATOR] Frame 185 C1: 收集=0.20ms, 融合=15.64ms, 小计=15.98ms, 目标数=3, 匹配数=0
[RADAR_FUSION_ORCHESTRATOR] Frame 185 C2: 收集=0.13ms, 融合=16.03ms, 小计=16.23ms, 目标数=1, 匹配数=1
[RADAR_FUSION_ORCHESTRATOR] Frame 185 C3: 收集=0.20ms, 融合=16.57ms, 小计=16.86ms, 目标数=3, 匹配数=3
[RADAR_FUSION_ORCHESTRATOR] Frame 185: 总融合耗时=50.26ms (地理过滤部分 + 各摄像头融合), 视觉目标数=7, 成功匹配=4
[RADAR_FUSION_ORCHESTRATOR] Frame 186 C1: 收集=0.20ms, 融合=15.78ms, 小计=16.17ms, 目标数=3, 匹配数=0
[RADAR_FUSION_ORCHESTRATOR] Frame 186 C2: 收集=0.13ms, 融合=16.20ms, 小计=16.41ms, 目标数=1, 匹配数=1
[RADAR_FUSION_ORCHESTRATOR] Frame 186 C3: 收集=0.22ms, 融合=15.29ms, 小计=15.60ms, 目标数=3, 匹配数=0
[RADAR_FUSION_ORCHESTRATOR] Frame 186: 总融合耗时=49.42ms (地理过滤部分 + 各摄像头融合), 视觉目标数=7, 成功匹配=1
[RADAR_FUSION_ORCHESTRATOR] Frame 187 C1: 收集=0.21ms, 融合=17.33ms, 小计=17.69ms, 目标数=3, 匹配数=3
[RADAR_FUSION_ORCHESTRATOR] Frame 187 C2: 收集=0.19ms, 融合=15.81ms, 小计=16.12ms, 目标数=1, 匹配数=0
[RADAR_FUSION_ORCHESTRATOR] Frame 187 C3: 收集=0.26ms, 融合=15.51ms, 小计=15.86ms, 目标数=3, 匹配数=0
[RADAR_FUSION_ORCHESTRATOR] Frame 187: 总融合耗时=51.75ms (地理过滤部分 + 各摄像头融合), 视觉目标数=7, 成功匹配=3
[RADAR_FUSION_ORCHESTRATOR] Frame 188 C1: 收集=0.20ms, 融合=15.80ms, 小计=16.16ms, 目标数=3, 匹配数=0
[RADAR_FUSION_ORCHESTRATOR] Frame 188 C2: 收集=0.13ms, 融合=15.74ms, 小计=15.95ms, 目标数=1, 匹配数=0
[RADAR_FUSION_ORCHESTRATOR] Frame 188 C3: 收集=0.18ms, 融合=16.86ms, 小计=17.12ms, 目标数=3, 匹配数=3
[RADAR_FUSION_ORCHESTRATOR] Frame 188: 总融合耗时=50.46ms (地理过滤部分 + 各摄像头融合), 视觉目标数=7, 成功匹配=3
[RADAR_FUSION_ORCHESTRATOR] Frame 189 C1: 收集=0.20ms, 融合=15.85ms, 小计=16.23ms, 目标数=3, 匹配数=0
[RADAR_FUSION_ORCHESTRATOR] Frame 189 C2: 收集=0.13ms, 融合=16.06ms, 小计=16.27ms, 目标数=1, 匹配数=1
[RADAR_FUSION_ORCHESTRATOR] Frame 189 C3: 收集=0.20ms, 融合=16.80ms, 小计=17.08ms, 目标数=3, 匹配数=3
[RADAR_FUSION_ORCHESTRATOR] Frame 189: 总融合耗时=50.76ms (地理过滤部分 + 各摄像头融合), 视觉目标数=7, 成功匹配=4
[RADAR_FUSION_ORCHESTRATOR] Frame 190 C1: 收集=0.21ms, 融合=15.92ms, 小计=16.26ms, 目标数=3, 匹配数=0
[RADAR_FUSION_ORCHESTRATOR] Frame 190 C2: 收集=0.13ms, 融合=16.17ms, 小计=16.38ms, 目标数=1, 匹配数=1
[RADAR_FUSION_ORCHESTRATOR] Frame 190 C3: 收集=0.20ms, 融合=15.50ms, 小计=15.79ms, 目标数=3, 匹配数=0
[RADAR_FUSION_ORCHESTRATOR] Frame 190: 总融合耗时=49.61ms (地理过滤部分 + 各摄像头融合), 视觉目标数=7, 成功匹配=1
[RADAR_FUSION_ORCHESTRATOR] Frame 191 C1: 收集=0.21ms, 融合=17.19ms, 小计=17.55ms, 目标数=3, 匹配数=3
[RADAR_FUSION_ORCHESTRATOR] Frame 191 C2: 收集=0.12ms, 融合=16.27ms, 小计=16.49ms, 目标数=1, 匹配数=1
[RADAR_FUSION_ORCHESTRATOR] Frame 191 C3: 收集=0.20ms, 融合=15.51ms, 小计=15.80ms, 目标数=3, 匹配数=0
[RADAR_FUSION_ORCHESTRATOR] Frame 191: 总融合耗时=51.80ms (地理过滤部分 + 各摄像头融合), 视觉目标数=7, 成功匹配=4
[RADAR_FUSION_ORCHESTRATOR] Frame 192 C1: 收集=0.21ms, 融合=17.40ms, 小计=17.72ms, 目标数=3, 匹配数=3
[RADAR_FUSION_ORCHESTRATOR] Frame 192 C2: 收集=0.19ms, 融合=15.79ms, 小计=16.07ms, 目标数=2, 匹配数=0
[RADAR_FUSION_ORCHESTRATOR] Frame 192 C3: 收集=0.18ms, 融合=15.67ms, 小计=15.94ms, 目标数=3, 匹配数=0
[RADAR_FUSION_ORCHESTRATOR] Frame 192: 总融合耗时=51.68ms (地理过滤部分 + 各摄像头融合), 视觉目标数=8, 成功匹配=3
[RADAR_FUSION_ORCHESTRATOR] Frame 193 C1: 收集=0.20ms, 融合=16.18ms, 小计=16.47ms, 目标数=3, 匹配数=0
[RADAR_FUSION_ORCHESTRATOR] Frame 193 C2: 收集=0.17ms, 融合=15.86ms, 小计=16.11ms, 目标数=2, 匹配数=0
[RADAR_FUSION_ORCHESTRATOR] Frame 193 C3: 收集=0.17ms, 融合=17.11ms, 小计=17.36ms, 目标数=3, 匹配数=3
[RADAR_FUSION_ORCHESTRATOR] Frame 193: 总融合耗时=51.13ms (地理过滤部分 + 各摄像头融合), 视觉目标数=8, 成功匹配=3
[RADAR_FUSION_ORCHESTRATOR] Frame 194 C1: 收集=0.20ms, 融合=16.33ms, 小计=16.63ms, 目标数=3, 匹配数=0
[RADAR_FUSION_ORCHESTRATOR] Frame 194 C2: 收集=0.28ms, 融合=16.19ms, 小计=16.57ms, 目标数=2, 匹配数=0
[RADAR_FUSION_ORCHESTRATOR] Frame 194 C3: 收集=0.29ms, 融合=17.78ms, 小计=18.16ms, 目标数=3, 匹配数=3
[RADAR_FUSION_ORCHESTRATOR] Frame 194: 总融合耗时=52.65ms (地理过滤部分 + 各摄像头融合), 视觉目标数=8, 成功匹配=3
[RADAR_FUSION_ORCHESTRATOR] Frame 195 C1: 收集=0.23ms, 融合=16.67ms, 小计=17.00ms, 目标数=3, 匹配数=0
[RADAR_FUSION_ORCHESTRATOR] Frame 195 C2: 收集=0.27ms, 融合=16.25ms, 小计=16.62ms, 目标数=2, 匹配数=0
[RADAR_FUSION_ORCHESTRATOR] Frame 195 C3: 收集=0.29ms, 融合=16.09ms, 小计=16.48ms, 目标数=3, 匹配数=0
[RADAR_FUSION_ORCHESTRATOR] Frame 195: 总融合耗时=51.32ms (地理过滤部分 + 各摄像头融合), 视觉目标数=8, 成功匹配=0
[RADAR_FUSION_ORCHESTRATOR] Frame 196 C1: 收集=0.24ms, 融合=16.60ms, 小计=16.93ms, 目标数=3, 匹配数=0
[RADAR_FUSION_ORCHESTRATOR] Frame 196 C2: 收集=0.23ms, 融合=16.27ms, 小计=16.58ms, 目标数=2, 匹配数=0
[RADAR_FUSION_ORCHESTRATOR] Frame 196 C3: 收集=0.22ms, 融合=16.26ms, 小计=16.56ms, 目标数=3, 匹配数=0
[RADAR_FUSION_ORCHESTRATOR] Frame 196: 总融合耗时=51.33ms (地理过滤部分 + 各摄像头融合), 视觉目标数=8, 成功匹配=0
[RADAR_FUSION_ORCHESTRATOR] Frame 197 C1: 收集=0.27ms, 融合=18.15ms, 小计=18.55ms, 目标数=3, 匹配数=3
[RADAR_FUSION_ORCHESTRATOR] Frame 197 C2: 收集=0.24ms, 融合=16.38ms, 小计=16.71ms, 目标数=2, 匹配数=0
[RADAR_FUSION_ORCHESTRATOR] Frame 197 C3: 收集=0.26ms, 融合=16.22ms, 小计=16.57ms, 目标数=3, 匹配数=0
[RADAR_FUSION_ORCHESTRATOR] Frame 197: 总融合耗时=53.97ms (地理过滤部分 + 各摄像头融合), 视觉目标数=8, 成功匹配=3
[RADAR_FUSION_ORCHESTRATOR] Frame 198 C1: 收集=0.22ms, 融合=16.76ms, 小计=17.07ms, 目标数=3, 匹配数=0
[RADAR_FUSION_ORCHESTRATOR] Frame 198 C2: 收集=0.27ms, 融合=16.33ms, 小计=16.68ms, 目标数=2, 匹配数=0
[RADAR_FUSION_ORCHESTRATOR] Frame 198 C3: 收集=0.18ms, 融合=16.19ms, 小计=16.45ms, 目标数=3, 匹配数=0
[RADAR_FUSION_ORCHESTRATOR] Frame 198: 总融合耗时=51.48ms (地理过滤部分 + 各摄像头融合), 视觉目标数=8, 成功匹配=0
[RADAR_FUSION_ORCHESTRATOR] Frame 199 C1: 收集=0.21ms, 融合=16.66ms, 小计=16.96ms, 目标数=3, 匹配数=0
[RADAR_FUSION_ORCHESTRATOR] Frame 199 C2: 收集=0.17ms, 融合=17.05ms, 小计=17.30ms, 目标数=2, 匹配数=2
[RADAR_FUSION_ORCHESTRATOR] Frame 199 C3: 收集=0.18ms, 融合=17.59ms, 小计=17.85ms, 目标数=3, 匹配数=3
[RADAR_FUSION_ORCHESTRATOR] Frame 199: 总融合耗时=53.35ms (地理过滤部分 + 各摄像头融合), 视觉目标数=8, 成功匹配=5
[RADAR_FUSION_ORCHESTRATOR] Frame 200 C1: 收集=0.27ms, 融合=16.75ms, 小计=17.11ms, 目标数=3, 匹配数=0
[RADAR_FUSION_ORCHESTRATOR] Frame 200 C2: 收集=0.18ms, 融合=17.16ms, 小计=17.46ms, 目标数=2, 匹配数=2
[RADAR_FUSION_ORCHESTRATOR] Frame 200 C3: 收集=0.18ms, 融合=16.43ms, 小计=16.70ms, 目标数=3, 匹配数=0
[RADAR_FUSION_ORCHESTRATOR] Frame 200: 总融合耗时=52.71ms (地理过滤部分 + 各摄像头融合), 视觉目标数=8, 成功匹配=2
[RADAR_FUSION_ORCHESTRATOR] Frame 201 C1: 收集=0.21ms, 融合=16.82ms, 小计=17.12ms, 目标数=3, 匹配数=0
[RADAR_FUSION_ORCHESTRATOR] Frame 201 C2: 收集=0.17ms, 融合=17.37ms, 小计=17.63ms, 目标数=2, 匹配数=2
[RADAR_FUSION_ORCHESTRATOR] Frame 201 C3: 收集=0.21ms, 融合=16.43ms, 小计=16.73ms, 目标数=3, 匹配数=0
[RADAR_FUSION_ORCHESTRATOR] Frame 201: 总融合耗时=52.79ms (地理过滤部分 + 各摄像头融合), 视觉目标数=8, 成功匹配=2
[RADAR_FUSION_ORCHESTRATOR] Frame 202 C1: 收集=0.21ms, 融合=18.23ms, 小计=18.58ms, 目标数=3, 匹配数=3
[RADAR_FUSION_ORCHESTRATOR] Frame 202 C2: 收集=0.20ms, 融合=16.68ms, 小计=16.98ms, 目标数=2, 匹配数=0
[RADAR_FUSION_ORCHESTRATOR] Frame 202 C3: 收集=0.25ms, 融合=16.82ms, 小计=17.16ms, 目标数=3, 匹配数=0
[RADAR_FUSION_ORCHESTRATOR] Frame 202: 总融合耗时=54.85ms (地理过滤部分 + 各摄像头融合), 视觉目标数=8, 成功匹配=3
[RADAR_FUSION_ORCHESTRATOR] Frame 203 C1: 收集=0.18ms, 融合=18.22ms, 小计=18.55ms, 目标数=2, 匹配数=2
[RADAR_FUSION_ORCHESTRATOR] Frame 203 C2: 收集=0.21ms, 融合=16.62ms, 小计=16.93ms, 目标数=2, 匹配数=0
[RADAR_FUSION_ORCHESTRATOR] Frame 203 C3: 收集=0.19ms, 融合=18.08ms, 小计=18.35ms, 目标数=3, 匹配数=3
[RADAR_FUSION_ORCHESTRATOR] Frame 203: 总融合耗时=55.88ms (地理过滤部分 + 各摄像头融合), 视觉目标数=7, 成功匹配=5
[RADAR_FUSION_ORCHESTRATOR] Frame 204 C1: 收集=0.15ms, 融合=17.19ms, 小计=17.48ms, 目标数=2, 匹配数=0
[RADAR_FUSION_ORCHESTRATOR] Frame 204 C2: 收集=0.24ms, 融合=16.80ms, 小计=17.12ms, 目标数=2, 匹配数=0
[RADAR_FUSION_ORCHESTRATOR] Frame 204 C3: 收集=0.18ms, 融合=18.14ms, 小计=18.40ms, 目标数=3, 匹配数=3
[RADAR_FUSION_ORCHESTRATOR] Frame 204: 总融合耗时=54.35ms (地理过滤部分 + 各摄像头融合), 视觉目标数=7, 成功匹配=3
[RADAR_FUSION_ORCHESTRATOR] Frame 205 C1: 收集=0.15ms, 融合=17.09ms, 小计=17.39ms, 目标数=2, 匹配数=0
[RADAR_FUSION_ORCHESTRATOR] Frame 205 C2: 收集=0.17ms, 融合=17.53ms, 小计=17.78ms, 目标数=2, 匹配数=2
[RADAR_FUSION_ORCHESTRATOR] Frame 205 C3: 收集=0.18ms, 融合=16.79ms, 小计=17.05ms, 目标数=3, 匹配数=0
[RADAR_FUSION_ORCHESTRATOR] Frame 205: 总融合耗时=53.49ms (地理过滤部分 + 各摄像头融合), 视觉目标数=7, 成功匹配=2
[RADAR_FUSION_ORCHESTRATOR] Frame 206 C1: 收集=0.15ms, 融合=17.34ms, 小计=17.63ms, 目标数=2, 匹配数=0
[RADAR_FUSION_ORCHESTRATOR] Frame 206 C2: 收集=0.22ms, 融合=17.74ms, 小计=18.04ms, 目标数=2, 匹配数=2
[RADAR_FUSION_ORCHESTRATOR] Frame 206 C3: 收集=0.19ms, 融合=16.94ms, 小计=17.21ms, 目标数=3, 匹配数=0
[RADAR_FUSION_ORCHESTRATOR] Frame 206: 总融合耗时=54.17ms (地理过滤部分 + 各摄像头融合), 视觉目标数=7, 成功匹配=2
[RADAR_FUSION_ORCHESTRATOR] Frame 207 C1: 收集=0.16ms, 融合=18.53ms, 小计=18.84ms, 目标数=2, 匹配数=2
[RADAR_FUSION_ORCHESTRATOR] Frame 207 C2: 收集=0.17ms, 融合=16.93ms, 小计=17.19ms, 目标数=2, 匹配数=0
[RADAR_FUSION_ORCHESTRATOR] Frame 207 C3: 收集=0.18ms, 融合=16.84ms, 小计=17.10ms, 目标数=3, 匹配数=0
[RADAR_FUSION_ORCHESTRATOR] Frame 207: 总融合耗时=55.27ms (地理过滤部分 + 各摄像头融合), 视觉目标数=7, 成功匹配=2
[RADAR_FUSION_ORCHESTRATOR] Frame 208 C1: 收集=0.15ms, 融合=18.52ms, 小计=18.82ms, 目标数=2, 匹配数=2
[RADAR_FUSION_ORCHESTRATOR] Frame 208 C2: 收集=0.18ms, 融合=17.04ms, 小计=17.32ms, 目标数=2, 匹配数=0
[RADAR_FUSION_ORCHESTRATOR] Frame 208 C3: 收集=0.18ms, 融合=18.21ms, 小计=18.47ms, 目标数=3, 匹配数=3
[RADAR_FUSION_ORCHESTRATOR] Frame 208: 总融合耗时=56.69ms (地理过滤部分 + 各摄像头融合), 视觉目标数=7, 成功匹配=5
[RADAR_FUSION_ORCHESTRATOR] Frame 209 C1: 收集=0.16ms, 融合=17.55ms, 小计=17.85ms, 目标数=2, 匹配数=0
[RADAR_FUSION_ORCHESTRATOR] Frame 209 C2: 收集=0.18ms, 融合=17.19ms, 小计=17.45ms, 目标数=2, 匹配数=0
[RADAR_FUSION_ORCHESTRATOR] Frame 209 C3: 收集=0.17ms, 融合=18.54ms, 小计=18.79ms, 目标数=3, 匹配数=3
[RADAR_FUSION_ORCHESTRATOR] Frame 209: 总融合耗时=55.42ms (地理过滤部分 + 各摄像头融合), 视觉目标数=7, 成功匹配=3
[RADAR_FUSION_ORCHESTRATOR] Frame 210 C1: 收集=0.16ms, 融合=17.87ms, 小计=18.24ms, 目标数=2, 匹配数=0
[RADAR_FUSION_ORCHESTRATOR] Frame 210 C2: 收集=0.26ms, 融合=18.05ms, 小计=18.40ms, 目标数=2, 匹配数=2
[RADAR_FUSION_ORCHESTRATOR] Frame 210 C3: 收集=0.19ms, 融合=18.52ms, 小计=18.79ms, 目标数=3, 匹配数=3
[RADAR_FUSION_ORCHESTRATOR] Frame 210: 总融合耗时=56.67ms (地理过滤部分 + 各摄像头融合), 视觉目标数=7, 成功匹配=5
[RADAR_FUSION_ORCHESTRATOR] Frame 211 C1: 收集=0.15ms, 融合=17.72ms, 小计=18.01ms, 目标数=2, 匹配数=0
[RADAR_FUSION_ORCHESTRATOR] Frame 211 C2: 收集=0.18ms, 融合=18.18ms, 小计=18.44ms, 目标数=2, 匹配数=2
[RADAR_FUSION_ORCHESTRATOR] Frame 211 C3: 收集=0.20ms, 融合=17.31ms, 小计=17.61ms, 目标数=3, 匹配数=0
[RADAR_FUSION_ORCHESTRATOR] Frame 211: 总融合耗时=55.37ms (地理过滤部分 + 各摄像头融合), 视觉目标数=7, 成功匹配=2
[RADAR_FUSION_ORCHESTRATOR] Frame 212 C1: 收集=0.15ms, 融合=17.74ms, 小计=18.08ms, 目标数=2, 匹配数=0
[RADAR_FUSION_ORCHESTRATOR] Frame 212 C2: 收集=0.19ms, 融合=17.38ms, 小计=17.70ms, 目标数=2, 匹配数=0
[RADAR_FUSION_ORCHESTRATOR] Frame 212 C3: 收集=0.18ms, 融合=17.28ms, 小计=17.54ms, 目标数=3, 匹配数=0
[RADAR_FUSION_ORCHESTRATOR] Frame 212: 总融合耗时=54.65ms (地理过滤部分 + 各摄像头融合), 视觉目标数=7, 成功匹配=0
[RADAR_FUSION_ORCHESTRATOR] Frame 213 C1: 收集=0.15ms, 融合=18.98ms, 小计=19.27ms, 目标数=2, 匹配数=2
[RADAR_FUSION_ORCHESTRATOR] Frame 213 C2: 收集=0.18ms, 融合=17.46ms, 小计=17.73ms, 目标数=2, 匹配数=0
[RADAR_FUSION_ORCHESTRATOR] Frame 213 C3: 收集=0.18ms, 融合=18.79ms, 小计=19.05ms, 目标数=3, 匹配数=3
[RADAR_FUSION_ORCHESTRATOR] Frame 213: 总融合耗时=58.16ms (地理过滤部分 + 各摄像头融合), 视觉目标数=7, 成功匹配=5
[RADAR_FUSION_ORCHESTRATOR] Frame 214 C1: 收集=0.16ms, 融合=18.96ms, 小计=19.26ms, 目标数=2, 匹配数=2
[RADAR_FUSION_ORCHESTRATOR] Frame 214 C2: 收集=0.18ms, 融合=17.53ms, 小计=17.80ms, 目标数=2, 匹配数=0
[RADAR_FUSION_ORCHESTRATOR] Frame 214 C3: 收集=0.18ms, 融合=18.73ms, 小计=18.99ms, 目标数=3, 匹配数=3
[RADAR_FUSION_ORCHESTRATOR] Frame 214: 总融合耗时=58.27ms (地理过滤部分 + 各摄像头融合), 视觉目标数=7, 成功匹配=5
[RADAR_FUSION_ORCHESTRATOR] Frame 215 C1: 收集=0.15ms, 融合=19.12ms, 小计=19.42ms, 目标数=2, 匹配数=2
[RADAR_FUSION_ORCHESTRATOR] Frame 215 C2: 收集=0.18ms, 融合=18.10ms, 小计=18.38ms, 目标数=2, 匹配数=2
[RADAR_FUSION_ORCHESTRATOR] Frame 215 C3: 收集=0.21ms, 融合=17.56ms, 小计=17.85ms, 目标数=3, 匹配数=0
[RADAR_FUSION_ORCHESTRATOR] Frame 215: 总融合耗时=57.79ms (地理过滤部分 + 各摄像头融合), 视觉目标数=7, 成功匹配=4
[RADAR_FUSION_ORCHESTRATOR] Frame 216 C1: 收集=0.14ms, 融合=18.11ms, 小计=18.47ms, 目标数=2, 匹配数=0
[RADAR_FUSION_ORCHESTRATOR] Frame 216 C2: 收集=0.19ms, 融合=18.38ms, 小计=18.65ms, 目标数=2, 匹配数=2
[RADAR_FUSION_ORCHESTRATOR] Frame 216 C3: 收集=0.19ms, 融合=17.66ms, 小计=17.94ms, 目标数=3, 匹配数=0
[RADAR_FUSION_ORCHESTRATOR] Frame 216: 总融合耗时=56.38ms (地理过滤部分 + 各摄像头融合), 视觉目标数=7, 成功匹配=2
[RADAR_FUSION_ORCHESTRATOR] Frame 217 C1: 收集=0.16ms, 融合=18.23ms, 小计=18.53ms, 目标数=2, 匹配数=0
[RADAR_FUSION_ORCHESTRATOR] Frame 217 C2: 收集=0.19ms, 融合=17.93ms, 小计=18.20ms, 目标数=2, 匹配数=0
[RADAR_FUSION_ORCHESTRATOR] Frame 217 C3: 收集=0.21ms, 融合=17.80ms, 小计=18.09ms, 目标数=3, 匹配数=0
[RADAR_FUSION_ORCHESTRATOR] Frame 217: 总融合耗时=56.26ms (地理过滤部分 + 各摄像头融合), 视觉目标数=7, 成功匹配=0
[RADAR_FUSION_ORCHESTRATOR] Frame 218 C1: 收集=0.16ms, 融合=19.33ms, 小计=19.64ms, 目标数=2, 匹配数=2
[RADAR_FUSION_ORCHESTRATOR] Frame 218 C2: 收集=0.19ms, 融合=17.93ms, 小计=18.21ms, 目标数=2, 匹配数=0
[RADAR_FUSION_ORCHESTRATOR] Frame 218 C3: 收集=0.17ms, 融合=19.16ms, 小计=19.41ms, 目标数=3, 匹配数=3
[RADAR_FUSION_ORCHESTRATOR] Frame 218: 总融合耗时=59.49ms (地理过滤部分 + 各摄像头融合), 视觉目标数=7, 成功匹配=5
[RADAR_FUSION_ORCHESTRATOR] Frame 219 C1: 收集=0.16ms, 融合=19.48ms, 小计=19.78ms, 目标数=2, 匹配数=2
[RADAR_FUSION_ORCHESTRATOR] Frame 219 C2: 收集=0.18ms, 融合=17.97ms, 小计=18.24ms, 目标数=2, 匹配数=0
[RADAR_FUSION_ORCHESTRATOR] Frame 219 C3: 收集=0.18ms, 融合=19.25ms, 小计=19.50ms, 目标数=3, 匹配数=3
[RADAR_FUSION_ORCHESTRATOR] Frame 219: 总融合耗时=59.69ms (地理过滤部分 + 各摄像头融合), 视觉目标数=7, 成功匹配=5
[RADAR_FUSION_ORCHESTRATOR] Frame 220 C1: 收集=0.15ms, 融合=18.32ms, 小计=18.63ms, 目标数=2, 匹配数=0
[RADAR_FUSION_ORCHESTRATOR] Frame 220 C2: 收集=0.19ms, 融合=17.99ms, 小计=18.26ms, 目标数=2, 匹配数=0
[RADAR_FUSION_ORCHESTRATOR] Frame 220 C3: 收集=0.18ms, 融合=17.91ms, 小计=18.16ms, 目标数=3, 匹配数=0
[RADAR_FUSION_ORCHESTRATOR] Frame 220: 总融合耗时=56.46ms (地理过滤部分 + 各摄像头融合), 视觉目标数=7, 成功匹配=0
[RADAR_FUSION_ORCHESTRATOR] Frame 221 C1: 收集=0.15ms, 融合=18.34ms, 小计=18.63ms, 目标数=2, 匹配数=0
[RADAR_FUSION_ORCHESTRATOR] Frame 221 C2: 收集=0.17ms, 融合=18.06ms, 小计=18.31ms, 目标数=2, 匹配数=0
[RADAR_FUSION_ORCHESTRATOR] Frame 221 C3: 收集=0.16ms, 融合=18.00ms, 小计=18.23ms, 目标数=3, 匹配数=0
[RADAR_FUSION_ORCHESTRATOR] Frame 221: 总融合耗时=56.51ms (地理过滤部分 + 各摄像头融合), 视觉目标数=7, 成功匹配=0
[RADAR_FUSION_ORCHESTRATOR] Frame 222 C1: 收集=0.16ms, 融合=19.50ms, 小计=19.80ms, 目标数=2, 匹配数=2
[RADAR_FUSION_ORCHESTRATOR] Frame 222 C2: 收集=0.19ms, 融合=18.16ms, 小计=18.45ms, 目标数=2, 匹配数=0
[RADAR_FUSION_ORCHESTRATOR] Frame 222 C3: 收集=0.20ms, 融合=18.09ms, 小计=18.36ms, 目标数=3, 匹配数=0
[RADAR_FUSION_ORCHESTRATOR] Frame 222: 总融合耗时=58.70ms (地理过滤部分 + 各摄像头融合), 视觉目标数=7, 成功匹配=2
[RADAR_FUSION_ORCHESTRATOR] Frame 223 C1: 收集=0.16ms, 融合=18.66ms, 小计=18.97ms, 目标数=2, 匹配数=0
[RADAR_FUSION_ORCHESTRATOR] Frame 223 C2: 收集=0.17ms, 融合=18.21ms, 小计=18.47ms, 目标数=2, 匹配数=0
[RADAR_FUSION_ORCHESTRATOR] Frame 223 C3: 收集=0.17ms, 融合=20.04ms, 小计=20.29ms, 目标数=3, 匹配数=3
[RADAR_FUSION_ORCHESTRATOR] Frame 223: 总融合耗时=59.10ms (地理过滤部分 + 各摄像头融合), 视觉目标数=7, 成功匹配=3

================================================================================
【雷达视觉融合 - 全摄像头统计】
================================================================================

【摄像头 C1】
  雷达目标:          509 个
  视觉目标:          123 个
  成功匹配:           60 个
  失败匹配:          449 个
  车道过滤:          104 个
  雷达匹配率:       11.8%
  视觉匹配率:       48.8%

【摄像头 C2】
  雷达目标:           43 个
  视觉目标:           30 个
  成功匹配:           15 个
  失败匹配:           28 个
  车道过滤:            3 个
  雷达匹配率:       34.9%
  视觉匹配率:       50.0%

【摄像头 C3】
  雷达目标:          283 个
  视觉目标:          195 个
  成功匹配:          195 个
  失败匹配:           88 个
  车道过滤:          325 个
  雷达匹配率:       68.9%
  视觉匹配率:      100.0%

--------------------------------------------------------------------------------
【总体统计】
  雷达目标总数:      835 个
  视觉目标总数:      348 个
  成功匹配总数:      270 个
  失败匹配总数:      565 个
  车道过滤总数:      432 个
  总体雷达匹配率:   32.3%
  总体视觉匹配率:   77.6%
================================================================================

