2025-12-11 11:46:46 - core.logger_config - INFO - ======================================================================
2025-12-11 11:46:46 - core.logger_config - INFO - 融合系统启动
2025-12-11 11:46:46 - core.logger_config - INFO - ======================================================================
2025-12-11 11:46:46 - core.logger_config - INFO - 日志文件: /zhw/no-frame-sync/logs/fusion_system.log
2025-12-11 11:46:46 - core.logger_config - INFO - 启动时间: 2025-12-11 11:46:46
2025-12-11 11:46:46 - core.logger_config - INFO - ======================================================================
2025-12-11 11:46:51 - __main__ - INFO - ============================================================
2025-12-11 11:46:51 - __main__ - INFO - 程序开始启动...
2025-12-11 11:46:51 - __main__ - INFO - ============================================================
2025-12-11 11:46:51 - __main__ - INFO - 摄像头1: Main Entrance - /root/yolov5-7.0_lyngor1.17.0/project-simple-video/videos/cam_18_25fps.mp4
2025-12-11 11:46:51 - __main__ - INFO - 摄像头2: Back Yard - /root/yolov5-7.0_lyngor1.17.0/project-simple-video/videos/cam_19_25fps.mp4
2025-12-11 11:46:51 - __main__ - INFO - 摄像头3: Side Gate - /root/yolov5-7.0_lyngor1.17.0/project-simple-video/videos/cam_20_25fps.mp4
2025-12-11 11:46:51 - __main__ - INFO - 使用RTSP流作为输入
2025-12-11 11:46:51 - core.Basic - INFO - 性能监视器初始化完成
2025-12-11 11:46:51 - vision.CameraManager - INFO - CameraManager 初始化完成
2025-12-11 11:46:51 - vision.CameraManager - INFO - 已创建3个队列 (maxsize=10)
2025-12-11 11:46:51 - __main__ - INFO - 初始化雷达融合模块
2025-12-11 11:46:53 - __main__ - INFO - C1 雷达融合处理器初始化成功, 雷达数据帧数: 1768
2025-12-11 11:46:53 - __main__ - INFO - C2 雷达融合处理器初始化成功, 雷达数据帧数: 1369
2025-12-11 11:46:53 - __main__ - INFO - C3 雷达融合处理器初始化成功, 雷达数据帧数: 1312
2025-12-11 11:46:53 - __main__ - INFO - 雷达融合模块初始化成功
2025-12-11 11:46:58 - core.mqtt_publisher - ERROR - MQTT 连接失败: timed out
2025-12-11 11:46:58 - __main__ - WARNING - MQTT连接失败: timed out, 将使用JSON文件保存
2025-12-11 11:46:58 - core.FusionComponents - INFO - TargetManager 初始化完成
2025-12-11 11:46:58 - core.FusionComponents - INFO - MatchingEngine 初始化完成
2025-12-11 11:46:58 - core.Fusion - INFO - CrossCameraFusion初始化完成 (重构版)
2025-12-11 11:46:58 - __main__ - INFO - 结果输出管理器已初始化 - 三路缓冲和时间对齐模式
2025-12-11 11:46:58 - __main__ - INFO - 已启用优化版ByteTracker - 交替跟踪模式
2025-12-11 11:46:58 - vision.CameraManager - INFO - 测试RTSP连接 (使用PyAV/OpenCV)
2025-12-11 11:46:58 - vision.CameraManager - INFO - Camera1 使用本地视频文件: /root/yolov5-7.0_lyngor1.17.0/project-simple-video/videos/cam_18_25fps.mp4
2025-12-11 11:46:58 - vision.CameraManager - INFO - Camera2 使用本地视频文件: /root/yolov5-7.0_lyngor1.17.0/project-simple-video/videos/cam_19_25fps.mp4
2025-12-11 11:46:58 - vision.CameraManager - INFO - Camera3 使用本地视频文件: /root/yolov5-7.0_lyngor1.17.0/project-simple-video/videos/cam_20_25fps.mp4
2025-12-11 11:46:58 - vision.CameraManager - INFO - 启动SDK版多摄像头融合系统
2025-12-11 11:46:58 - vision.CameraManager - INFO - 启动Camera1 SDK推理进程
2025-12-11 11:46:58 - vision.CameraManager - INFO - 启动Camera2 SDK推理进程
2025-12-11 11:46:58 - __main__ - INFO - Camera1 子进程启动
2025-12-11 11:46:58 - __main__ - INFO - Camera1 视频源: /root/yolov5-7.0_lyngor1.17.0/project-simple-video/videos/cam_18_25fps.mp4
2025-12-11 11:46:58 - __main__ - INFO - Camera1 初始化yolov5_SDK
2025-12-11 11:46:58 - __main__ - INFO - Camera1 如果出现 'av.open' 错误，请检查RTSP URL/网络/视频文件
2025-12-11 11:46:58 - vision.CameraManager - INFO - 启动Camera3 SDK推理进程
2025-12-11 11:46:58 - vision.CameraManager - INFO - 所有SDK推理进程已启动
2025-12-11 11:46:58 - vision.CameraManager - INFO - 进入预热阶段，等待所有摄像头推送第一帧数据
2025-12-11 11:46:58 - __main__ - INFO - Camera3 子进程启动
2025-12-11 11:46:58 - __main__ - INFO - Camera3 视频源: /root/yolov5-7.0_lyngor1.17.0/project-simple-video/videos/cam_20_25fps.mp4
2025-12-11 11:46:58 - __main__ - INFO - Camera3 初始化yolov5_SDK
2025-12-11 11:46:58 - __main__ - INFO - Camera3 如果出现 'av.open' 错误，请检查RTSP URL/网络/视频文件
2025-12-11 11:46:58 - __main__ - INFO - Camera2 子进程启动
2025-12-11 11:46:58 - __main__ - INFO - Camera2 视频源: /root/yolov5-7.0_lyngor1.17.0/project-simple-video/videos/cam_19_25fps.mp4
2025-12-11 11:46:58 - __main__ - INFO - Camera2 初始化yolov5_SDK
2025-12-11 11:46:58 - __main__ - INFO - Camera2 如果出现 'av.open' 错误，请检查RTSP URL/网络/视频文件
2025-12-11 11:46:59 - vision.SDKinfer - INFO - Camera1 时间戳初始化: 起始时间=2025-11-21 11:59:12.135, FPS=25
2025-12-11 11:46:59 - __main__ - INFO - Camera1 yolov5_SDK初始化成功
2025-12-11 11:46:59 - vision.SDKinfer - INFO - Camera1 更新类别名称: /usr/local/lynxi/sdk/sdk-samples/data/class.txt
2025-12-11 11:46:59 - __main__ - INFO - Camera1 类别名称已更新
2025-12-11 11:46:59 - __main__ - INFO - Camera1 开始运行SDK推理...
2025-12-11 11:46:59 - vision.SDKinfer - INFO - Camera1 SDK线程已启动
2025-12-11 11:46:59 - vision.SDKinfer - DEBUG - C1 尺寸: 1280x720 -> 640x640
2025-12-11 11:46:59 - vision.SDKinfer - DEBUG - C1 F0: 19 boxes
2025-12-11 11:46:59 - vision.SDKinfer - INFO - Camera3 时间戳初始化: 起始时间=2025-11-21 11:59:12.143, FPS=25
2025-12-11 11:46:59 - __main__ - INFO - Camera3 yolov5_SDK初始化成功
2025-12-11 11:46:59 - vision.SDKinfer - INFO - Camera3 更新类别名称: /usr/local/lynxi/sdk/sdk-samples/data/class.txt
2025-12-11 11:46:59 - __main__ - INFO - Camera3 类别名称已更新
2025-12-11 11:46:59 - __main__ - INFO - Camera3 开始运行SDK推理...
2025-12-11 11:46:59 - vision.SDKinfer - INFO - Camera3 SDK线程已启动
2025-12-11 11:46:59 - vision.CameraManager - INFO - 摄像头 C1 已就绪
2025-12-11 11:46:59 - vision.SDKinfer - DEBUG - C3 尺寸: 1280x720 -> 640x640
2025-12-11 11:46:59 - vision.SDKinfer - DEBUG - C3 F0: 27 boxes
2025-12-11 11:47:00 - vision.SDKinfer - INFO - Camera2 时间戳初始化: 起始时间=2025-11-21 11:59:12.150, FPS=25
2025-12-11 11:47:00 - __main__ - INFO - Camera2 yolov5_SDK初始化成功
2025-12-11 11:47:00 - vision.SDKinfer - INFO - Camera2 更新类别名称: /usr/local/lynxi/sdk/sdk-samples/data/class.txt
2025-12-11 11:47:00 - __main__ - INFO - Camera2 类别名称已更新
2025-12-11 11:47:00 - __main__ - INFO - Camera2 开始运行SDK推理...
2025-12-11 11:47:00 - vision.SDKinfer - INFO - Camera2 SDK线程已启动
2025-12-11 11:47:00 - vision.SDKinfer - DEBUG - C2 尺寸: 1280x720 -> 640x640
2025-12-11 11:47:00 - vision.SDKinfer - DEBUG - C2 F0: 21 boxes
2025-12-11 11:47:00 - vision.CameraManager - INFO - 摄像头 C2 已就绪
2025-12-11 11:47:00 - vision.CameraManager - INFO - 摄像头 C3 已就绪
2025-12-11 11:47:00 - vision.CameraManager - INFO - 所有摄像头均已就绪，预热完成
2025-12-11 11:47:00 - __main__ - INFO - 同步方式: 纯时间戳同步 (不依赖帧号)
2025-12-11 11:47:00 - __main__ - INFO - 融合主循环启动 - 单路处理模式
2025-12-11 11:47:00 - __main__ - INFO - 处理模式: 单路独立处理 + 后期三路匹配
2025-12-11 11:47:00 - __main__ - INFO - ============================================================
2025-12-11 11:47:00 - core.ResultBuffer - INFO - 输出结果 #0: C1(1763697552.135) C2(1763697552.150) C3(1763697552.143) | 参与者数: 0 | MQTT: 失败/未配置
2025-12-11 11:47:00 - __main__ - INFO - Frame 1: 输出 1 组三路融合结果
2025-12-11 11:47:00 - core.ResultBuffer - INFO - 输出结果 #1: C1(1763697552.175) C2(1763697552.190) C3(1763697552.183) | 参与者数: 0 | MQTT: 失败/未配置
2025-12-11 11:47:00 - __main__ - INFO - Frame 2: 输出 1 组三路融合结果
2025-12-11 11:47:00 - core.Fusion - INFO - [DEBUG C3] Track 4: pixel_history_len=3, start=(344, 719), should_assign=True
2025-12-11 11:47:00 - core.Fusion - INFO - [DEBUG C3] Track 5: pixel_history_len=3, start=(630, 598), should_assign=True
2025-12-11 11:47:00 - core.Fusion - INFO - [DEBUG C3] Track 6: pixel_history_len=3, start=(441, 268), should_assign=False
2025-12-11 11:47:00 - core.Fusion - INFO - [DEBUG C3] Track 7: pixel_history_len=3, start=(421, 543), should_assign=True
2025-12-11 11:47:00 - core.ResultBuffer - INFO - 输出结果 #2: C1(1763697552.215) C2(1763697552.230) C3(1763697552.223) | 参与者数: 5 | MQTT: 失败/未配置
2025-12-11 11:47:00 - __main__ - INFO - Frame 3: 输出 1 组三路融合结果
2025-12-11 11:47:00 - core.Fusion - INFO - [DEBUG C3] Track 6: pixel_history_len=4, start=(441, 268), should_assign=False
2025-12-11 11:47:00 - core.ResultBuffer - INFO - 输出结果 #3: C1(1763697552.255) C2(1763697552.270) C3(1763697552.263) | 参与者数: 5 | MQTT: 失败/未配置
2025-12-11 11:47:00 - __main__ - INFO - Frame 4: 输出 1 组三路融合结果
2025-12-11 11:47:00 - core.Fusion - INFO - [DEBUG C3] Track 6: pixel_history_len=5, start=(441, 268), should_assign=False
2025-12-11 11:47:00 - core.ResultBuffer - INFO - 输出结果 #4: C1(1763697552.295) C2(1763697552.310) C3(1763697552.303) | 参与者数: 5 | MQTT: 失败/未配置
2025-12-11 11:47:00 - __main__ - INFO - Frame 5: 输出 1 组三路融合结果
2025-12-11 11:47:00 - core.Fusion - INFO - [DEBUG C3] Track 6: pixel_history_len=6, start=(441, 268), should_assign=False
2025-12-11 11:47:00 - core.ResultBuffer - INFO - 输出结果 #5: C1(1763697552.335) C2(1763697552.350) C3(1763697552.343) | 参与者数: 5 | MQTT: 失败/未配置
2025-12-11 11:47:00 - __main__ - INFO - Frame 6: 输出 1 组三路融合结果
2025-12-11 11:47:00 - core.Fusion - INFO - [DEBUG C3] Track 6: pixel_history_len=7, start=(441, 268), should_assign=False
2025-12-11 11:47:00 - core.ResultBuffer - INFO - 输出结果 #6: C1(1763697552.375) C2(1763697552.390) C3(1763697552.383) | 参与者数: 5 | MQTT: 失败/未配置
2025-12-11 11:47:00 - __main__ - INFO - Frame 7: 输出 1 组三路融合结果
2025-12-11 11:47:00 - core.Fusion - INFO - [DEBUG C3] Track 6: pixel_history_len=8, start=(441, 268), should_assign=False
2025-12-11 11:47:00 - core.ResultBuffer - INFO - 输出结果 #7: C1(1763697552.415) C2(1763697552.430) C3(1763697552.423) | 参与者数: 5 | MQTT: 失败/未配置
2025-12-11 11:47:00 - __main__ - INFO - Frame 8: 输出 1 组三路融合结果
2025-12-11 11:47:00 - core.Fusion - INFO - [DEBUG C3] Track 6: pixel_history_len=9, start=(441, 268), should_assign=False
2025-12-11 11:47:00 - core.ResultBuffer - INFO - 输出结果 #8: C1(1763697552.455) C2(1763697552.470) C3(1763697552.463) | 参与者数: 5 | MQTT: 失败/未配置
2025-12-11 11:47:00 - __main__ - INFO - Frame 9: 输出 1 组三路融合结果
2025-12-11 11:47:00 - core.Fusion - INFO - [DEBUG C3] Track 6: pixel_history_len=10, start=(441, 268), should_assign=False
2025-12-11 11:47:00 - core.ResultBuffer - INFO - 输出结果 #9: C1(1763697552.495) C2(1763697552.510) C3(1763697552.503) | 参与者数: 5 | MQTT: 失败/未配置
2025-12-11 11:47:00 - __main__ - INFO - Frame 10: 输出 1 组三路融合结果
2025-12-11 11:47:00 - core.Fusion - INFO - [DEBUG C3] Track 6: pixel_history_len=11, start=(441, 268), should_assign=False
2025-12-11 11:47:00 - core.ResultBuffer - INFO - 输出结果 #10: C1(1763697552.535) C2(1763697552.550) C3(1763697552.543) | 参与者数: 5 | MQTT: 失败/未配置
2025-12-11 11:47:00 - __main__ - INFO - Frame 11: 输出 1 组三路融合结果
2025-12-11 11:47:00 - core.Fusion - INFO - [DEBUG C3] Track 6: pixel_history_len=12, start=(441, 268), should_assign=False
2025-12-11 11:47:00 - core.Fusion - INFO - [DEBUG C3] Track 6: pixel_history_len=13, start=(441, 268), should_assign=False
2025-12-11 11:47:00 - core.ResultBuffer - INFO - 输出结果 #11: C1(1763697552.575) C2(1763697552.590) C3(1763697552.583) | 参与者数: 5 | MQTT: 失败/未配置
2025-12-11 11:47:00 - __main__ - INFO - Frame 13: 输出 1 组三路融合结果
2025-12-11 11:47:00 - core.Fusion - INFO - [DEBUG C3] Track 6: pixel_history_len=14, start=(441, 268), should_assign=False
2025-12-11 11:47:00 - core.Fusion - INFO - [DEBUG C3] Track 6: pixel_history_len=15, start=(441, 268), should_assign=False
2025-12-11 11:47:00 - core.Fusion - INFO - [DEBUG C3] Track 6: pixel_history_len=16, start=(441, 268), should_assign=False
2025-12-11 11:47:00 - core.ResultBuffer - INFO - 输出结果 #12: C1(1763697552.615) C2(1763697552.630) C3(1763697552.623) | 参与者数: 5 | MQTT: 失败/未配置
2025-12-11 11:47:00 - __main__ - INFO - Frame 16: 输出 1 组三路融合结果
2025-12-11 11:47:00 - core.Fusion - INFO - [DEBUG C3] Track 6: pixel_history_len=17, start=(441, 268), should_assign=False
2025-12-11 11:47:00 - core.ResultBuffer - INFO - 输出结果 #13: C1(1763697552.655) C2(1763697552.670) C3(1763697552.663) | 参与者数: 5 | MQTT: 失败/未配置
2025-12-11 11:47:00 - __main__ - INFO - Frame 20: 输出 1 组三路融合结果
2025-12-11 11:47:00 - core.ResultBuffer - INFO - 输出结果 #14: C1(1763697552.695) C2(1763697552.710) C3(1763697552.703) | 参与者数: 5 | MQTT: 失败/未配置
2025-12-11 11:47:00 - __main__ - INFO - Frame 22: 输出 1 组三路融合结果
2025-12-11 11:47:00 - core.Fusion - INFO - [DEBUG C3] Track 6: pixel_history_len=18, start=(441, 268), should_assign=False
2025-12-11 11:47:00 - core.ResultBuffer - INFO - 输出结果 #15: C1(1763697552.735) C2(1763697552.750) C3(1763697552.743) | 参与者数: 5 | MQTT: 失败/未配置
2025-12-11 11:47:00 - __main__ - INFO - Frame 25: 输出 1 组三路融合结果
2025-12-11 11:47:00 - core.Fusion - INFO - [DEBUG C3] Track 6: pixel_history_len=19, start=(441, 268), should_assign=False
2025-12-11 11:47:00 - core.ResultBuffer - INFO - 输出结果 #16: C1(1763697552.775) C2(1763697552.790) C3(1763697552.783) | 参与者数: 5 | MQTT: 失败/未配置
2025-12-11 11:47:00 - __main__ - INFO - Frame 27: 输出 1 组三路融合结果
2025-12-11 11:47:00 - core.Fusion - INFO - [DEBUG C3] Track 6: pixel_history_len=20, start=(441, 268), should_assign=False
2025-12-11 11:47:00 - core.ResultBuffer - INFO - 输出结果 #17: C1(1763697552.815) C2(1763697552.830) C3(1763697552.823) | 参与者数: 5 | MQTT: 失败/未配置
2025-12-11 11:47:00 - __main__ - INFO - Frame 29: 输出 1 组三路融合结果
2025-12-11 11:47:00 - core.ResultBuffer - INFO - 输出结果 #18: C1(1763697552.855) C2(1763697552.870) C3(1763697552.863) | 参与者数: 5 | MQTT: 失败/未配置
2025-12-11 11:47:00 - __main__ - INFO - Frame 31: 输出 1 组三路融合结果
2025-12-11 11:47:00 - core.Fusion - INFO - [DEBUG C3] Track 6: pixel_history_len=21, start=(441, 268), should_assign=False
2025-12-11 11:47:00 - core.ResultBuffer - INFO - 输出结果 #19: C1(1763697552.895) C2(1763697552.910) C3(1763697552.903) | 参与者数: 5 | MQTT: 失败/未配置
2025-12-11 11:47:00 - __main__ - INFO - Frame 34: 输出 1 组三路融合结果
2025-12-11 11:47:00 - core.Fusion - INFO - [DEBUG C3] Track 6: pixel_history_len=22, start=(441, 268), should_assign=False
2025-12-11 11:47:00 - core.ResultBuffer - INFO - 输出结果 #20: C1(1763697552.935) C2(1763697552.950) C3(1763697552.943) | 参与者数: 5 | MQTT: 失败/未配置
2025-12-11 11:47:00 - __main__ - INFO - Frame 37: 输出 1 组三路融合结果
2025-12-11 11:47:00 - core.Fusion - INFO - [DEBUG C3] Track 6: pixel_history_len=23, start=(441, 268), should_assign=False
2025-12-11 11:47:00 - core.ResultBuffer - INFO - 输出结果 #21: C1(1763697552.975) C2(1763697552.990) C3(1763697552.983) | 参与者数: 5 | MQTT: 失败/未配置
2025-12-11 11:47:00 - __main__ - INFO - Frame 40: 输出 1 组三路融合结果
2025-12-11 11:47:00 - core.ResultBuffer - INFO - 输出结果 #22: C1(1763697553.015) C2(1763697553.030) C3(1763697553.023) | 参与者数: 5 | MQTT: 失败/未配置
2025-12-11 11:47:00 - __main__ - INFO - Frame 41: 输出 1 组三路融合结果
2025-12-11 11:47:00 - core.Fusion - INFO - [DEBUG C3] Track 6: pixel_history_len=24, start=(441, 268), should_assign=False
2025-12-11 11:47:00 - core.ResultBuffer - INFO - 输出结果 #23: C1(1763697553.055) C2(1763697553.070) C3(1763697553.063) | 参与者数: 5 | MQTT: 失败/未配置
2025-12-11 11:47:00 - __main__ - INFO - Frame 44: 输出 1 组三路融合结果
2025-12-11 11:47:00 - core.Fusion - INFO - [DEBUG C3] Track 6: pixel_history_len=25, start=(441, 268), should_assign=False
2025-12-11 11:47:00 - core.ResultBuffer - INFO - 输出结果 #24: C1(1763697553.095) C2(1763697553.110) C3(1763697553.103) | 参与者数: 5 | MQTT: 失败/未配置
2025-12-11 11:47:00 - __main__ - INFO - Frame 46: 输出 1 组三路融合结果
2025-12-11 11:47:00 - core.Fusion - INFO - [DEBUG C3] Track 6: pixel_history_len=26, start=(441, 268), should_assign=False
2025-12-11 11:47:00 - core.ResultBuffer - INFO - 输出结果 #25: C1(1763697553.135) C2(1763697553.150) C3(1763697553.143) | 参与者数: 5 | MQTT: 失败/未配置
2025-12-11 11:47:00 - __main__ - INFO - Frame 48: 输出 1 组三路融合结果
2025-12-11 11:47:00 - core.Fusion - INFO - [DEBUG C3] Track 6: pixel_history_len=27, start=(441, 268), should_assign=False
2025-12-11 11:47:00 - core.ResultBuffer - INFO - 输出结果 #26: C1(1763697553.175) C2(1763697553.190) C3(1763697553.183) | 参与者数: 5 | MQTT: 失败/未配置
2025-12-11 11:47:00 - __main__ - INFO - Frame 51: 输出 1 组三路融合结果
2025-12-11 11:47:00 - core.Fusion - INFO - [DEBUG C3] Track 6: pixel_history_len=28, start=(441, 268), should_assign=False
2025-12-11 11:47:00 - core.ResultBuffer - INFO - 输出结果 #27: C1(1763697553.215) C2(1763697553.230) C3(1763697553.223) | 参与者数: 5 | MQTT: 失败/未配置
2025-12-11 11:47:00 - __main__ - INFO - Frame 54: 输出 1 组三路融合结果
2025-12-11 11:47:00 - core.Fusion - INFO - [DEBUG C3] Track 6: pixel_history_len=29, start=(441, 268), should_assign=False
2025-12-11 11:47:00 - core.ResultBuffer - INFO - 输出结果 #28: C1(1763697553.255) C2(1763697553.270) C3(1763697553.263) | 参与者数: 5 | MQTT: 失败/未配置
2025-12-11 11:47:00 - __main__ - INFO - Frame 57: 输出 1 组三路融合结果
2025-12-11 11:47:00 - core.Fusion - INFO - [DEBUG C3] Track 6: pixel_history_len=30, start=(441, 268), should_assign=False
2025-12-11 11:47:00 - core.ResultBuffer - INFO - 输出结果 #29: C1(1763697553.295) C2(1763697553.310) C3(1763697553.303) | 参与者数: 5 | MQTT: 失败/未配置
2025-12-11 11:47:00 - __main__ - INFO - Frame 61: 输出 1 组三路融合结果
2025-12-11 11:47:00 - core.Fusion - INFO - [DEBUG C3] Track 6: pixel_history_len=30, start=(437, 268), should_assign=False
2025-12-11 11:47:00 - core.ResultBuffer - INFO - 输出结果 #30: C1(1763697553.335) C2(1763697553.350) C3(1763697553.343) | 参与者数: 5 | MQTT: 失败/未配置
2025-12-11 11:47:00 - __main__ - INFO - Frame 63: 输出 1 组三路融合结果
2025-12-11 11:47:01 - core.Fusion - INFO - [DEBUG C3] Track 6: pixel_history_len=30, start=(437, 269), should_assign=False
2025-12-11 11:47:01 - core.ResultBuffer - INFO - 输出结果 #31: C1(1763697553.375) C2(1763697553.390) C3(1763697553.383) | 参与者数: 5 | MQTT: 失败/未配置
2025-12-11 11:47:01 - __main__ - INFO - Frame 67: 输出 1 组三路融合结果
2025-12-11 11:47:01 - core.Fusion - INFO - [DEBUG C3] Track 6: pixel_history_len=30, start=(430, 271), should_assign=False
2025-12-11 11:47:01 - core.ResultBuffer - INFO - 输出结果 #32: C1(1763697553.415) C2(1763697553.430) C3(1763697553.423) | 参与者数: 5 | MQTT: 失败/未配置
2025-12-11 11:47:01 - __main__ - INFO - Frame 71: 输出 1 组三路融合结果
2025-12-11 11:47:01 - core.Fusion - INFO - [DEBUG C3] Track 6: pixel_history_len=30, start=(428, 272), should_assign=False
2025-12-11 11:47:01 - core.ResultBuffer - INFO - 输出结果 #33: C1(1763697553.455) C2(1763697553.470) C3(1763697553.463) | 参与者数: 5 | MQTT: 失败/未配置
2025-12-11 11:47:01 - __main__ - INFO - Frame 75: 输出 1 组三路融合结果
2025-12-11 11:47:01 - core.Fusion - INFO - [DEBUG C3] Track 6: pixel_history_len=30, start=(422, 273), should_assign=False
2025-12-11 11:47:01 - core.ResultBuffer - INFO - 输出结果 #34: C1(1763697553.495) C2(1763697553.510) C3(1763697553.503) | 参与者数: 5 | MQTT: 失败/未配置
2025-12-11 11:47:01 - __main__ - INFO - Frame 77: 输出 1 组三路融合结果
2025-12-11 11:47:01 - core.Fusion - INFO - [DEBUG C3] Track 6: pixel_history_len=30, start=(419, 274), should_assign=False
2025-12-11 11:47:01 - core.ResultBuffer - INFO - 输出结果 #35: C1(1763697553.535) C2(1763697553.550) C3(1763697553.543) | 参与者数: 5 | MQTT: 失败/未配置
2025-12-11 11:47:01 - __main__ - INFO - Frame 79: 输出 1 组三路融合结果
2025-12-11 11:47:01 - core.Fusion - INFO - [DEBUG C3] Track 6: pixel_history_len=30, start=(414, 276), should_assign=False
2025-12-11 11:47:01 - core.ResultBuffer - INFO - 输出结果 #36: C1(1763697553.575) C2(1763697553.590) C3(1763697553.583) | 参与者数: 5 | MQTT: 失败/未配置
2025-12-11 11:47:01 - __main__ - INFO - Frame 81: 输出 1 组三路融合结果
2025-12-11 11:47:01 - core.Fusion - INFO - [DEBUG C3] Track 6: pixel_history_len=30, start=(411, 277), should_assign=False
2025-12-11 11:47:01 - core.ResultBuffer - INFO - 输出结果 #37: C1(1763697553.615) C2(1763697553.630) C3(1763697553.623) | 参与者数: 5 | MQTT: 失败/未配置
2025-12-11 11:47:01 - __main__ - INFO - Frame 85: 输出 1 组三路融合结果
2025-12-11 11:47:01 - core.Fusion - INFO - [DEBUG C3] Track 6: pixel_history_len=30, start=(407, 278), should_assign=False
2025-12-11 11:47:01 - core.ResultBuffer - INFO - 输出结果 #38: C1(1763697553.655) C2(1763697553.670) C3(1763697553.663) | 参与者数: 5 | MQTT: 失败/未配置
2025-12-11 11:47:01 - __main__ - INFO - Frame 87: 输出 1 组三路融合结果
2025-12-11 11:47:01 - core.Fusion - INFO - [DEBUG C3] Track 6: pixel_history_len=30, start=(403, 279), should_assign=False
2025-12-11 11:47:01 - core.ResultBuffer - INFO - 输出结果 #39: C1(1763697553.695) C2(1763697553.710) C3(1763697553.703) | 参与者数: 5 | MQTT: 失败/未配置
2025-12-11 11:47:01 - __main__ - INFO - Frame 89: 输出 1 组三路融合结果
2025-12-11 11:47:01 - core.Fusion - INFO - [DEBUG C3] Track 6: pixel_history_len=30, start=(398, 280), should_assign=False
2025-12-11 11:47:01 - core.ResultBuffer - INFO - 输出结果 #40: C1(1763697553.735) C2(1763697553.750) C3(1763697553.743) | 参与者数: 5 | MQTT: 失败/未配置
2025-12-11 11:47:01 - __main__ - INFO - Frame 91: 输出 1 组三路融合结果
2025-12-11 11:47:01 - core.Fusion - INFO - [DEBUG C3] Track 6: pixel_history_len=30, start=(395, 281), should_assign=False
2025-12-11 11:47:01 - core.ResultBuffer - INFO - 输出结果 #41: C1(1763697553.775) C2(1763697553.790) C3(1763697553.783) | 参与者数: 5 | MQTT: 失败/未配置
2025-12-11 11:47:01 - __main__ - INFO - Frame 94: 输出 1 组三路融合结果
2025-12-11 11:47:01 - core.Fusion - INFO - [DEBUG C3] Track 6: pixel_history_len=30, start=(390, 282), should_assign=False
2025-12-11 11:47:01 - core.ResultBuffer - INFO - 输出结果 #42: C1(1763697553.815) C2(1763697553.830) C3(1763697553.823) | 参与者数: 5 | MQTT: 失败/未配置
2025-12-11 11:47:01 - __main__ - INFO - Frame 97: 输出 1 组三路融合结果
2025-12-11 11:47:01 - core.Fusion - INFO - [DEBUG C3] Track 6: pixel_history_len=30, start=(386, 283), should_assign=False
2025-12-11 11:47:01 - core.ResultBuffer - INFO - 输出结果 #43: C1(1763697553.855) C2(1763697553.870) C3(1763697553.863) | 参与者数: 5 | MQTT: 失败/未配置
2025-12-11 11:47:01 - __main__ - INFO - Frame 99: 输出 1 组三路融合结果
2025-12-11 11:47:01 - __main__ - INFO - 缓冲区状态: C1=11 C2=6 C3=0
2025-12-11 11:47:01 - core.Fusion - INFO - [DEBUG C3] Track 6: pixel_history_len=30, start=(383, 284), should_assign=False
2025-12-11 11:47:01 - core.ResultBuffer - INFO - 输出结果 #44: C1(1763697553.895) C2(1763697553.910) C3(1763697553.903) | 参与者数: 5 | MQTT: 失败/未配置
2025-12-11 11:47:01 - __main__ - INFO - Frame 101: 输出 1 组三路融合结果
2025-12-11 11:47:01 - core.Fusion - INFO - [DEBUG C3] Track 6: pixel_history_len=30, start=(379, 285), should_assign=False
2025-12-11 11:47:01 - core.ResultBuffer - INFO - 输出结果 #45: C1(1763697553.935) C2(1763697553.950) C3(1763697553.943) | 参与者数: 5 | MQTT: 失败/未配置
2025-12-11 11:47:01 - __main__ - INFO - Frame 103: 输出 1 组三路融合结果
2025-12-11 11:47:01 - core.Fusion - INFO - [DEBUG C3] Track 6: pixel_history_len=30, start=(375, 286), should_assign=False
2025-12-11 11:47:01 - core.ResultBuffer - INFO - 输出结果 #46: C1(1763697553.975) C2(1763697553.990) C3(1763697553.983) | 参与者数: 5 | MQTT: 失败/未配置
2025-12-11 11:47:01 - __main__ - INFO - Frame 106: 输出 1 组三路融合结果
2025-12-11 11:47:01 - core.Fusion - INFO - [DEBUG C3] Track 6: pixel_history_len=30, start=(371, 287), should_assign=False
2025-12-11 11:47:01 - core.ResultBuffer - INFO - 输出结果 #47: C1(1763697554.015) C2(1763697554.030) C3(1763697554.023) | 参与者数: 5 | MQTT: 失败/未配置
2025-12-11 11:47:01 - __main__ - INFO - Frame 109: 输出 1 组三路融合结果
2025-12-11 11:47:01 - core.Fusion - INFO - [DEBUG C3] Track 6: pixel_history_len=30, start=(367, 288), should_assign=False
2025-12-11 11:47:01 - core.ResultBuffer - INFO - 输出结果 #48: C1(1763697554.055) C2(1763697554.070) C3(1763697554.063) | 参与者数: 5 | MQTT: 失败/未配置
2025-12-11 11:47:01 - __main__ - INFO - Frame 112: 输出 1 组三路融合结果
2025-12-11 11:47:01 - core.Fusion - INFO - [DEBUG C3] Track 6: pixel_history_len=30, start=(363, 289), should_assign=False
2025-12-11 11:47:01 - core.ResultBuffer - INFO - 输出结果 #49: C1(1763697554.095) C2(1763697554.110) C3(1763697554.103) | 参与者数: 5 | MQTT: 失败/未配置
2025-12-11 11:47:01 - __main__ - INFO - Frame 116: 输出 1 组三路融合结果
2025-12-11 11:47:01 - core.Fusion - INFO - [DEBUG C3] Track 6: pixel_history_len=30, start=(359, 290), should_assign=False
2025-12-11 11:47:01 - core.ResultBuffer - INFO - 输出结果 #50: C1(1763697554.135) C2(1763697554.150) C3(1763697554.143) | 参与者数: 5 | MQTT: 失败/未配置
2025-12-11 11:47:01 - __main__ - INFO - Frame 118: 输出 1 组三路融合结果
2025-12-11 11:47:01 - core.Fusion - INFO - [DEBUG C3] Track 6: pixel_history_len=30, start=(355, 292), should_assign=False
2025-12-11 11:47:01 - core.ResultBuffer - INFO - 输出结果 #51: C1(1763697554.175) C2(1763697554.190) C3(1763697554.183) | 参与者数: 5 | MQTT: 失败/未配置
2025-12-11 11:47:01 - __main__ - INFO - Frame 120: 输出 1 组三路融合结果
2025-12-11 11:47:01 - core.Fusion - INFO - [DEBUG C3] Track 6: pixel_history_len=30, start=(351, 293), should_assign=False
2025-12-11 11:47:01 - core.ResultBuffer - INFO - 输出结果 #52: C1(1763697554.215) C2(1763697554.230) C3(1763697554.223) | 参与者数: 5 | MQTT: 失败/未配置
2025-12-11 11:47:01 - __main__ - INFO - Frame 123: 输出 1 组三路融合结果
2025-12-11 11:47:01 - core.Fusion - INFO - [DEBUG C3] Track 6: pixel_history_len=30, start=(347, 294), should_assign=False
2025-12-11 11:47:01 - core.ResultBuffer - INFO - 输出结果 #53: C1(1763697554.255) C2(1763697554.270) C3(1763697554.263) | 参与者数: 5 | MQTT: 失败/未配置
2025-12-11 11:47:01 - __main__ - INFO - Frame 126: 输出 1 组三路融合结果
2025-12-11 11:47:01 - core.Fusion - INFO - [DEBUG C3] Track 6: pixel_history_len=30, start=(343, 295), should_assign=False
2025-12-11 11:47:01 - core.ResultBuffer - INFO - 输出结果 #54: C1(1763697554.295) C2(1763697554.310) C3(1763697554.303) | 参与者数: 5 | MQTT: 失败/未配置
2025-12-11 11:47:01 - __main__ - INFO - Frame 129: 输出 1 组三路融合结果
2025-12-11 11:47:01 - core.Fusion - INFO - [DEBUG C3] Track 6: pixel_history_len=30, start=(339, 296), should_assign=False
2025-12-11 11:47:01 - core.ResultBuffer - INFO - 输出结果 #55: C1(1763697554.335) C2(1763697554.350) C3(1763697554.343) | 参与者数: 5 | MQTT: 失败/未配置
2025-12-11 11:47:01 - __main__ - INFO - Frame 133: 输出 1 组三路融合结果
2025-12-11 11:47:02 - core.Fusion - INFO - [DEBUG C3] Track 6: pixel_history_len=30, start=(335, 298), should_assign=False
2025-12-11 11:47:02 - core.ResultBuffer - INFO - 输出结果 #56: C1(1763697554.375) C2(1763697554.390) C3(1763697554.383) | 参与者数: 5 | MQTT: 失败/未配置
2025-12-11 11:47:02 - __main__ - INFO - Frame 136: 输出 1 组三路融合结果
2025-12-11 11:47:02 - core.Fusion - INFO - [DEBUG C3] Track 6: pixel_history_len=30, start=(331, 299), should_assign=False
2025-12-11 11:47:02 - core.ResultBuffer - INFO - 输出结果 #57: C1(1763697554.415) C2(1763697554.430) C3(1763697554.423) | 参与者数: 5 | MQTT: 失败/未配置
2025-12-11 11:47:02 - __main__ - INFO - Frame 138: 输出 1 组三路融合结果
2025-12-11 11:47:02 - core.Fusion - INFO - [DEBUG C3] Track 6: pixel_history_len=30, start=(327, 300), should_assign=False
2025-12-11 11:47:02 - core.ResultBuffer - INFO - 输出结果 #58: C1(1763697554.455) C2(1763697554.470) C3(1763697554.463) | 参与者数: 5 | MQTT: 失败/未配置
2025-12-11 11:47:02 - __main__ - INFO - Frame 142: 输出 1 组三路融合结果
2025-12-11 11:47:02 - core.Fusion - INFO - [DEBUG C3] Track 6: pixel_history_len=30, start=(323, 302), should_assign=False
2025-12-11 11:47:02 - core.ResultBuffer - INFO - 输出结果 #59: C1(1763697554.495) C2(1763697554.510) C3(1763697554.503) | 参与者数: 5 | MQTT: 失败/未配置
2025-12-11 11:47:02 - __main__ - INFO - Frame 144: 输出 1 组三路融合结果
2025-12-11 11:47:02 - core.Fusion - INFO - [DEBUG C3] Track 6: pixel_history_len=30, start=(319, 304), should_assign=False
2025-12-11 11:47:02 - core.ResultBuffer - INFO - 输出结果 #60: C1(1763697554.535) C2(1763697554.550) C3(1763697554.543) | 参与者数: 5 | MQTT: 失败/未配置
2025-12-11 11:47:02 - __main__ - INFO - Frame 148: 输出 1 组三路融合结果
2025-12-11 11:47:02 - core.Fusion - INFO - [DEBUG C3] Track 6: pixel_history_len=30, start=(315, 305), should_assign=False
2025-12-11 11:47:02 - core.ResultBuffer - INFO - 输出结果 #61: C1(1763697554.575) C2(1763697554.590) C3(1763697554.583) | 参与者数: 5 | MQTT: 失败/未配置
2025-12-11 11:47:02 - __main__ - INFO - Frame 151: 输出 1 组三路融合结果
2025-12-11 11:47:02 - core.Fusion - INFO - [DEBUG C3] Track 6: pixel_history_len=30, start=(311, 308), should_assign=False
2025-12-11 11:47:02 - core.ResultBuffer - INFO - 输出结果 #62: C1(1763697554.615) C2(1763697554.630) C3(1763697554.623) | 参与者数: 5 | MQTT: 失败/未配置
2025-12-11 11:47:02 - __main__ - INFO - Frame 155: 输出 1 组三路融合结果
2025-12-11 11:47:02 - core.Fusion - INFO - [DEBUG C3] Track 6: pixel_history_len=30, start=(307, 310), should_assign=False
2025-12-11 11:47:02 - core.ResultBuffer - INFO - 输出结果 #63: C1(1763697554.655) C2(1763697554.670) C3(1763697554.663) | 参与者数: 5 | MQTT: 失败/未配置
2025-12-11 11:47:02 - __main__ - INFO - Frame 158: 输出 1 组三路融合结果
2025-12-11 11:47:02 - core.Fusion - INFO - [DEBUG C3] Track 6: pixel_history_len=30, start=(303, 311), should_assign=False
2025-12-11 11:47:02 - core.ResultBuffer - INFO - 输出结果 #64: C1(1763697554.695) C2(1763697554.710) C3(1763697554.703) | 参与者数: 5 | MQTT: 失败/未配置
2025-12-11 11:47:02 - __main__ - INFO - Frame 160: 输出 1 组三路融合结果
2025-12-11 11:47:02 - core.Fusion - INFO - [DEBUG C3] Track 6: pixel_history_len=30, start=(299, 312), should_assign=False
2025-12-11 11:47:02 - core.ResultBuffer - INFO - 输出结果 #65: C1(1763697554.735) C2(1763697554.750) C3(1763697554.743) | 参与者数: 5 | MQTT: 失败/未配置
2025-12-11 11:47:02 - __main__ - INFO - Frame 165: 输出 1 组三路融合结果
2025-12-11 11:47:02 - core.Fusion - INFO - [DEBUG C3] Track 6: pixel_history_len=30, start=(294, 314), should_assign=False
2025-12-11 11:47:02 - core.ResultBuffer - INFO - 输出结果 #66: C1(1763697554.775) C2(1763697554.790) C3(1763697554.783) | 参与者数: 5 | MQTT: 失败/未配置
2025-12-11 11:47:02 - __main__ - INFO - Frame 168: 输出 1 组三路融合结果
2025-12-11 11:47:02 - core.Fusion - INFO - [DEBUG C3] Track 6: pixel_history_len=30, start=(290, 316), should_assign=False
2025-12-11 11:47:02 - core.ResultBuffer - INFO - 输出结果 #67: C1(1763697554.815) C2(1763697554.830) C3(1763697554.823) | 参与者数: 5 | MQTT: 失败/未配置
2025-12-11 11:47:02 - __main__ - INFO - Frame 170: 输出 1 组三路融合结果
2025-12-11 11:47:02 - core.Fusion - INFO - [DEBUG C3] Track 6: pixel_history_len=30, start=(286, 317), should_assign=False
2025-12-11 11:47:02 - core.ResultBuffer - INFO - 输出结果 #68: C1(1763697554.855) C2(1763697554.870) C3(1763697554.863) | 参与者数: 5 | MQTT: 失败/未配置
2025-12-11 11:47:02 - __main__ - INFO - Frame 172: 输出 1 组三路融合结果
2025-12-11 11:47:02 - core.Fusion - INFO - [DEBUG C3] Track 6: pixel_history_len=30, start=(282, 319), should_assign=False
2025-12-11 11:47:02 - core.ResultBuffer - INFO - 输出结果 #69: C1(1763697554.895) C2(1763697554.910) C3(1763697554.903) | 参与者数: 5 | MQTT: 失败/未配置
2025-12-11 11:47:02 - __main__ - INFO - Frame 176: 输出 1 组三路融合结果
2025-12-11 11:47:02 - core.Fusion - INFO - [DEBUG C3] Track 6: pixel_history_len=30, start=(278, 321), should_assign=False
2025-12-11 11:47:02 - core.ResultBuffer - INFO - 输出结果 #70: C1(1763697554.935) C2(1763697554.950) C3(1763697554.943) | 参与者数: 5 | MQTT: 失败/未配置
2025-12-11 11:47:02 - __main__ - INFO - Frame 178: 输出 1 组三路融合结果
2025-12-11 11:47:02 - core.Fusion - INFO - [DEBUG C3] Track 6: pixel_history_len=30, start=(274, 323), should_assign=False
2025-12-11 11:47:02 - core.ResultBuffer - INFO - 输出结果 #71: C1(1763697554.975) C2(1763697554.990) C3(1763697554.983) | 参与者数: 5 | MQTT: 失败/未配置
2025-12-11 11:47:02 - __main__ - INFO - Frame 181: 输出 1 组三路融合结果
2025-12-11 11:47:02 - core.Fusion - INFO - [DEBUG C3] Track 6: pixel_history_len=30, start=(271, 324), should_assign=False
2025-12-11 11:47:02 - core.ResultBuffer - INFO - 输出结果 #72: C1(1763697555.015) C2(1763697555.030) C3(1763697555.023) | 参与者数: 5 | MQTT: 失败/未配置
2025-12-11 11:47:02 - __main__ - INFO - Frame 184: 输出 1 组三路融合结果
2025-12-11 11:47:02 - core.Fusion - INFO - [DEBUG C3] Track 6: pixel_history_len=30, start=(267, 326), should_assign=False
2025-12-11 11:47:02 - core.ResultBuffer - INFO - 输出结果 #73: C1(1763697555.055) C2(1763697555.070) C3(1763697555.063) | 参与者数: 5 | MQTT: 失败/未配置
2025-12-11 11:47:02 - __main__ - INFO - Frame 186: 输出 1 组三路融合结果
2025-12-11 11:47:02 - core.Fusion - INFO - [DEBUG C3] Track 6: pixel_history_len=30, start=(263, 328), should_assign=False
2025-12-11 11:47:02 - core.ResultBuffer - INFO - 输出结果 #74: C1(1763697555.095) C2(1763697555.110) C3(1763697555.103) | 参与者数: 5 | MQTT: 失败/未配置
2025-12-11 11:47:02 - __main__ - INFO - Frame 190: 输出 1 组三路融合结果
2025-12-11 11:47:02 - core.Fusion - INFO - [DEBUG C3] Track 6: pixel_history_len=30, start=(259, 329), should_assign=False
2025-12-11 11:47:02 - core.Fusion - INFO - [DEBUG C3] Track 10: pixel_history_len=3, start=(550, 173), should_assign=False
2025-12-11 11:47:02 - core.ResultBuffer - INFO - 输出结果 #75: C1(1763697555.135) C2(1763697555.150) C3(1763697555.143) | 参与者数: 6 | MQTT: 失败/未配置
2025-12-11 11:47:02 - __main__ - INFO - Frame 192: 输出 1 组三路融合结果
2025-12-11 11:47:02 - vision.SDKinfer - DEBUG - C1 F100: 20 boxes
2025-12-11 11:47:02 - core.Fusion - INFO - [DEBUG C3] Track 6: pixel_history_len=30, start=(255, 331), should_assign=False
2025-12-11 11:47:02 - core.Fusion - INFO - [DEBUG C3] Track 10: pixel_history_len=4, start=(550, 173), should_assign=False
2025-12-11 11:47:02 - core.ResultBuffer - INFO - 输出结果 #76: C1(1763697555.175) C2(1763697555.190) C3(1763697555.183) | 参与者数: 6 | MQTT: 失败/未配置
2025-12-11 11:47:02 - __main__ - INFO - Frame 196: 输出 1 组三路融合结果
2025-12-11 11:47:02 - core.Fusion - INFO - [DEBUG C3] Track 6: pixel_history_len=30, start=(251, 333), should_assign=False
2025-12-11 11:47:02 - core.Fusion - INFO - [DEBUG C3] Track 10: pixel_history_len=5, start=(550, 173), should_assign=False
2025-12-11 11:47:02 - core.ResultBuffer - INFO - 输出结果 #77: C1(1763697555.215) C2(1763697555.230) C3(1763697555.223) | 参与者数: 6 | MQTT: 失败/未配置
2025-12-11 11:47:02 - __main__ - INFO - Frame 199: 输出 1 组三路融合结果
2025-12-11 11:47:02 - __main__ - DEBUG - C1 Frame 200: 3 tracked objects
2025-12-11 11:47:02 - __main__ - INFO - 缓冲区状态: C1=25 C2=20 C3=0
2025-12-11 11:47:02 - core.Fusion - INFO - [DEBUG C3] Track 6: pixel_history_len=30, start=(248, 334), should_assign=False
2025-12-11 11:47:02 - core.Fusion - INFO - [DEBUG C3] Track 10: pixel_history_len=6, start=(550, 173), should_assign=False
2025-12-11 11:47:02 - core.ResultBuffer - INFO - 输出结果 #78: C1(1763697555.255) C2(1763697555.270) C3(1763697555.263) | 参与者数: 6 | MQTT: 失败/未配置
2025-12-11 11:47:02 - __main__ - INFO - Frame 201: 输出 1 组三路融合结果
2025-12-11 11:47:02 - vision.SDKinfer - DEBUG - C2 F100: 18 boxes
2025-12-11 11:47:02 - core.Fusion - INFO - [DEBUG C3] Track 6: pixel_history_len=30, start=(244, 335), should_assign=False
2025-12-11 11:47:02 - core.Fusion - INFO - [DEBUG C3] Track 10: pixel_history_len=7, start=(550, 173), should_assign=False
2025-12-11 11:47:02 - core.ResultBuffer - INFO - 输出结果 #79: C1(1763697555.295) C2(1763697555.310) C3(1763697555.303) | 参与者数: 6 | MQTT: 失败/未配置
2025-12-11 11:47:02 - __main__ - INFO - Frame 205: 输出 1 组三路融合结果
2025-12-11 11:47:02 - core.Fusion - INFO - [DEBUG C3] Track 6: pixel_history_len=30, start=(241, 337), should_assign=False
2025-12-11 11:47:02 - core.Fusion - INFO - [DEBUG C3] Track 10: pixel_history_len=8, start=(550, 173), should_assign=False
2025-12-11 11:47:03 - core.ResultBuffer - INFO - 输出结果 #80: C1(1763697555.335) C2(1763697555.350) C3(1763697555.343) | 参与者数: 6 | MQTT: 失败/未配置
2025-12-11 11:47:03 - __main__ - INFO - Frame 207: 输出 1 组三路融合结果
2025-12-11 11:47:03 - core.Fusion - INFO - [DEBUG C3] Track 6: pixel_history_len=30, start=(237, 339), should_assign=False
2025-12-11 11:47:03 - core.Fusion - INFO - [DEBUG C3] Track 10: pixel_history_len=9, start=(550, 173), should_assign=False
2025-12-11 11:47:03 - core.ResultBuffer - INFO - 输出结果 #81: C1(1763697555.375) C2(1763697555.390) C3(1763697555.383) | 参与者数: 6 | MQTT: 失败/未配置
2025-12-11 11:47:03 - __main__ - INFO - Frame 210: 输出 1 组三路融合结果
2025-12-11 11:47:03 - core.Fusion - INFO - [DEBUG C3] Track 6: pixel_history_len=30, start=(234, 341), should_assign=False
2025-12-11 11:47:03 - core.Fusion - INFO - [DEBUG C3] Track 10: pixel_history_len=10, start=(550, 173), should_assign=False
2025-12-11 11:47:03 - core.ResultBuffer - INFO - 输出结果 #82: C1(1763697555.415) C2(1763697555.430) C3(1763697555.423) | 参与者数: 6 | MQTT: 失败/未配置
2025-12-11 11:47:03 - __main__ - INFO - Frame 214: 输出 1 组三路融合结果
2025-12-11 11:47:03 - core.Fusion - INFO - [DEBUG C3] Track 6: pixel_history_len=30, start=(230, 342), should_assign=False
2025-12-11 11:47:03 - core.Fusion - INFO - [DEBUG C3] Track 10: pixel_history_len=11, start=(550, 173), should_assign=False
2025-12-11 11:47:03 - core.ResultBuffer - INFO - 输出结果 #83: C1(1763697555.455) C2(1763697555.470) C3(1763697555.463) | 参与者数: 6 | MQTT: 失败/未配置
2025-12-11 11:47:03 - __main__ - INFO - Frame 217: 输出 1 组三路融合结果
2025-12-11 11:47:03 - core.Fusion - INFO - [DEBUG C3] Track 6: pixel_history_len=30, start=(226, 346), should_assign=False
2025-12-11 11:47:03 - core.Fusion - INFO - [DEBUG C3] Track 10: pixel_history_len=12, start=(550, 173), should_assign=False
2025-12-11 11:47:03 - core.ResultBuffer - INFO - 输出结果 #84: C1(1763697555.495) C2(1763697555.510) C3(1763697555.503) | 参与者数: 6 | MQTT: 失败/未配置
2025-12-11 11:47:03 - __main__ - INFO - Frame 219: 输出 1 组三路融合结果
2025-12-11 11:47:03 - core.Fusion - INFO - [DEBUG C3] Track 6: pixel_history_len=30, start=(222, 348), should_assign=False
2025-12-11 11:47:03 - core.ResultBuffer - INFO - 输出结果 #85: C1(1763697555.535) C2(1763697555.550) C3(1763697555.543) | 参与者数: 6 | MQTT: 失败/未配置
2025-12-11 11:47:03 - __main__ - INFO - Frame 223: 输出 1 组三路融合结果
2025-12-11 11:47:03 - core.Fusion - INFO - [DEBUG C3] Track 6: pixel_history_len=30, start=(219, 350), should_assign=False
2025-12-11 11:47:03 - core.ResultBuffer - INFO - 输出结果 #86: C1(1763697555.575) C2(1763697555.590) C3(1763697555.583) | 参与者数: 6 | MQTT: 失败/未配置
2025-12-11 11:47:03 - __main__ - INFO - Frame 225: 输出 1 组三路融合结果
2025-12-11 11:47:03 - core.Fusion - INFO - [DEBUG C3] Track 6: pixel_history_len=30, start=(215, 351), should_assign=False
2025-12-11 11:47:03 - core.ResultBuffer - INFO - 输出结果 #87: C1(1763697555.615) C2(1763697555.630) C3(1763697555.623) | 参与者数: 6 | MQTT: 失败/未配置
2025-12-11 11:47:03 - __main__ - INFO - Frame 228: 输出 1 组三路融合结果
2025-12-11 11:47:03 - core.Fusion - INFO - [DEBUG C3] Track 6: pixel_history_len=30, start=(212, 353), should_assign=False
2025-12-11 11:47:03 - core.ResultBuffer - INFO - 输出结果 #88: C1(1763697555.655) C2(1763697555.670) C3(1763697555.663) | 参与者数: 6 | MQTT: 失败/未配置
2025-12-11 11:47:03 - __main__ - INFO - Frame 231: 输出 1 组三路融合结果
2025-12-11 11:47:03 - core.Fusion - INFO - [DEBUG C3] Track 6: pixel_history_len=30, start=(208, 355), should_assign=False
2025-12-11 11:47:03 - core.ResultBuffer - INFO - 输出结果 #89: C1(1763697555.695) C2(1763697555.710) C3(1763697555.703) | 参与者数: 6 | MQTT: 失败/未配置
2025-12-11 11:47:03 - __main__ - INFO - Frame 235: 输出 1 组三路融合结果
2025-12-11 11:47:03 - __main__ - INFO - 收到停止信号，正在退出...
2025-12-11 11:47:03 - __main__ - INFO - 收到停止信号，正在退出...
2025-12-11 11:47:03 - __main__ - INFO - 收到停止信号，正在退出...
2025-12-11 11:47:03 - __main__ - INFO - 所有处理完成
2025-12-11 11:47:03 - __main__ - INFO - 准备保存 90 帧的JSON数据
2025-12-11 11:47:03 - __main__ - INFO - 收到停止信号，正在退出...
2025-12-11 11:47:03 - core.Fusion - INFO - ======================================================================
2025-12-11 11:47:03 - core.Fusion - INFO - ✅ JSON数据已保存
2025-12-11 11:47:03 - core.Fusion - INFO -    文件路径: /zhw/no-frame-sync/output_fusion_refactored.json
2025-12-11 11:47:03 - core.Fusion - INFO -    数据条目: 90 条
2025-12-11 11:47:03 - core.Fusion - INFO -    文件大小: 126.92 KB
2025-12-11 11:47:03 - core.Fusion - INFO - ======================================================================
2025-12-11 11:47:03 - __main__ - INFO - ============================================================
2025-12-11 11:47:03 - __main__ - INFO - 最终处理统计报告
2025-12-11 11:47:03 - __main__ - INFO - 成功处理的帧数: 236帧
2025-12-11 11:47:03 - __main__ - INFO - ============================================================
2025-12-11 11:47:03 - __main__ - INFO - 最终ByteTracker优化统计
2025-12-11 11:47:03 - __main__ - INFO - DEBUG - 跟踪器输入统计:
2025-12-11 11:47:03 - __main__ - INFO - C1: 调用120次, 空输入0次, 非空120次, 总检测数451, 平均3.8个/帧
2025-12-11 11:47:03 - __main__ - INFO - C2: 调用117次, 空输入112次, 非空5次, 总检测数5, 平均0.0个/帧
2025-12-11 11:47:03 - __main__ - INFO - C3: 调用90次, 空输入0次, 非空90次, 总检测数406, 平均4.5个/帧
2025-12-11 11:47:03 - __main__ - INFO - C1:
2025-12-11 11:47:03 - __main__ - INFO -   总帧数: 120
2025-12-11 11:47:03 - __main__ - INFO -   跟踪帧: 61 (50.8%)
2025-12-11 11:47:03 - __main__ - INFO -   预测帧: 59 (49.2%)
2025-12-11 11:47:03 - __main__ - INFO -   性能提升: 1.00x
2025-12-11 11:47:03 - __main__ - INFO -   平均跟踪耗时: 0.003s
2025-12-11 11:47:03 - __main__ - INFO -   平均预测耗时: 0.001s
2025-12-11 11:47:03 - __main__ - INFO - C2:
2025-12-11 11:47:03 - __main__ - INFO -   总帧数: 117
2025-12-11 11:47:03 - __main__ - INFO -   跟踪帧: 115 (98.3%)
2025-12-11 11:47:03 - __main__ - INFO -   预测帧: 2 (1.7%)
2025-12-11 11:47:03 - __main__ - INFO -   性能提升: 1.00x
2025-12-11 11:47:03 - __main__ - INFO -   平均跟踪耗时: 0.000s
2025-12-11 11:47:03 - __main__ - INFO -   平均预测耗时: 0.000s
2025-12-11 11:47:03 - __main__ - INFO - C3:
2025-12-11 11:47:03 - __main__ - INFO -   总帧数: 90
2025-12-11 11:47:03 - __main__ - INFO -   跟踪帧: 46 (51.1%)
2025-12-11 11:47:03 - __main__ - INFO -   预测帧: 44 (48.9%)
2025-12-11 11:47:03 - __main__ - INFO -   性能提升: 1.00x
2025-12-11 11:47:03 - __main__ - INFO -   平均跟踪耗时: 0.003s
2025-12-11 11:47:03 - __main__ - INFO -   平均预测耗时: 0.001s
2025-12-11 11:47:03 - __main__ - INFO - ============================================================
2025-12-11 11:47:03 - __main__ - INFO - 程序结束，刷新缓冲区...
2025-12-11 11:47:03 - core.ResultBuffer - INFO - 缓冲区刷新完成，共输出 90 组结果
2025-12-11 11:47:03 - __main__ - INFO - 正在保存JSON数据
2025-12-11 11:47:03 - __main__ - INFO - 准备保存 90 帧的JSON数据
2025-12-11 11:47:03 - core.Fusion - INFO - ======================================================================
2025-12-11 11:47:03 - core.Fusion - INFO - ✅ JSON数据已保存
2025-12-11 11:47:03 - core.Fusion - INFO -    文件路径: /zhw/no-frame-sync/output_fusion_refactored.json
2025-12-11 11:47:03 - core.Fusion - INFO -    数据条目: 90 条
2025-12-11 11:47:03 - core.Fusion - INFO -    文件大小: 126.92 KB
2025-12-11 11:47:03 - core.Fusion - INFO - ======================================================================
2025-12-11 11:47:03 - vision.CameraManager - INFO - 停止所有摄像头进程
2025-12-11 11:47:03 - vision.CameraManager - INFO - 终止Camera1进程
2025-12-11 11:47:04 - vision.CameraManager - INFO - 终止Camera2进程
2025-12-11 11:47:04 - vision.CameraManager - INFO - 终止Camera3进程
2025-12-11 11:47:05 - vision.CameraManager - INFO - 所有摄像头进程已停止
2025-12-11 11:47:05 - __main__ - INFO - ======================================================================
2025-12-11 11:47:05 - __main__ - INFO - 融合系统已停止
2025-12-11 11:47:05 - __main__ - INFO - 日志文件: /zhw/no-frame-sync/logs/fusion_system.log
2025-12-11 11:47:05 - __main__ - INFO - ======================================================================
2025-12-11 11:47:05 - __main__ - INFO - 资源清理完成
